PLINK v1.90b3.27 64-bit (13 Dec 2015)
Options in effect:
  --out all.johns.height_ped
  --recode
  --tfile all.johns.height

Hostname: ebc201
Working directory: /mmg/awwohns/height
Start time: Sat Aug 19 03:53:57 2017

Random number seed: 1503104037
257661 MB RAM detected; reserving 128830 MB for main workspace.
Processing .tped file.
Note: Variant 0 is triallelic.  Setting rarest alleles to missing.
Note: Variant 2 is triallelic.  Setting rarest alleles to missing.
Note: Variant 3 is quadallelic.  Setting rarest alleles to missing.
Note: Variant 4 is triallelic.  Setting rarest alleles to missing.
Note: Variant 5 is triallelic.  Setting rarest alleles to missing.
Note: Variant 6 is triallelic.  Setting rarest alleles to missing.
Note: Variant 7 is triallelic.  Setting rarest alleles to missing.
Note: Variant 8 is triallelic.  Setting rarest alleles to missing.
Note: Variant 9 is triallelic.  Setting rarest alleles to missing.
Note: Variant 10 is triallelic.  Setting rarest alleles to missing.
Note: Variant 11 is triallelic.  Setting rarest alleles to missing.
Note: Variant 12 is triallelic.  Setting rarest alleles to missing.
Note: Variant 13 is triallelic.  Setting rarest alleles to missing.
Note: Variant 14 is triallelic.  Setting rarest alleles to missing.
Note: Variant 16 is triallelic.  Setting rarest alleles to missing.
Note: Variant 17 is triallelic.  Setting rarest alleles to missing.
Note: Variant 18 is triallelic.  Setting rarest alleles to missing.
Note: Variant 19 is triallelic.  Setting rarest alleles to missing.
Note: Variant 20 is triallelic.  Setting rarest alleles to missing.
Note: Variant 22 is triallelic.  Setting rarest alleles to missing.
Note: Variant 25 is triallelic.  Setting rarest alleles to missing.
Note: Variant 28 is triallelic.  Setting rarest alleles to missing.
Note: Variant 32 is triallelic.  Setting rarest alleles to missing.
Note: Variant 33 is triallelic.  Setting rarest alleles to missing.
Note: Variant 35 is triallelic.  Setting rarest alleles to missing.
Note: Variant 37 is triallelic.  Setting rarest alleles to missing.
Note: Variant 38 is triallelic.  Setting rarest alleles to missing.
Note: Variant 39 is triallelic.  Setting rarest alleles to missing.
Note: Variant 40 is triallelic.  Setting rarest alleles to missing.
Note: Variant 41 is triallelic.  Setting rarest alleles to missing.
Note: Variant 42 is triallelic.  Setting rarest alleles to missing.
Note: Variant 44 is triallelic.  Setting rarest alleles to missing.
Note: Variant 45 is triallelic.  Setting rarest alleles to missing.
Note: Variant 47 is triallelic.  Setting rarest alleles to missing.
Note: Variant 48 is triallelic.  Setting rarest alleles to missing.
Note: Variant 49 is triallelic.  Setting rarest alleles to missing.
Note: Variant 51 is triallelic.  Setting rarest alleles to missing.
Note: Variant 55 is triallelic.  Setting rarest alleles to missing.
Note: Variant 56 is triallelic.  Setting rarest alleles to missing.
Note: Variant 57 is triallelic.  Setting rarest alleles to missing.
Note: Variant 58 is triallelic.  Setting rarest alleles to missing.
Note: Variant 63 is triallelic.  Setting rarest alleles to missing.
Note: Variant 64 is triallelic.  Setting rarest alleles to missing.
Note: Variant 65 is triallelic.  Setting rarest alleles to missing.
Note: Variant 67 is triallelic.  Setting rarest alleles to missing.
Note: Variant 68 is triallelic.  Setting rarest alleles to missing.
Note: Variant 69 is triallelic.  Setting rarest alleles to missing.
Note: Variant 70 is triallelic.  Setting rarest alleles to missing.
Note: Variant 71 is triallelic.  Setting rarest alleles to missing.
Note: Variant 74 is quadallelic.  Setting rarest alleles to missing.
Note: Variant 75 is triallelic.  Setting rarest alleles to missing.
Note: Variant 76 is triallelic.  Setting rarest alleles to missing.
Note: Variant 77 is triallelic.  Setting rarest alleles to missing.
Note: Variant 78 is triallelic.  Setting rarest alleles to missing.
Note: Variant 79 is triallelic.  Setting rarest alleles to missing.
Note: Variant 80 is triallelic.  Setting rarest alleles to missing.
Note: Variant 83 is triallelic.  Setting rarest alleles to missing.
Note: Variant 84 is triallelic.  Setting rarest alleles to missing.
Note: Variant 85 is triallelic.  Setting rarest alleles to missing.
Note: Variant 86 is triallelic.  Setting rarest alleles to missing.
Note: Variant 88 is quadallelic.  Setting rarest alleles to missing.
Note: Variant 89 is triallelic.  Setting rarest alleles to missing.
Note: Variant 90 is triallelic.  Setting rarest alleles to missing.
Note: Variant 92 is triallelic.  Setting rarest alleles to missing.
Note: Variant 93 is triallelic.  Setting rarest alleles to missing.
Note: Variant 94 is triallelic.  Setting rarest alleles to missing.
Note: Variant 95 is triallelic.  Setting rarest alleles to missing.
Note: Variant 96 is triallelic.  Setting rarest alleles to missing.
Note: Variant 97 is triallelic.  Setting rarest alleles to missing.
Note: Variant 98 is triallelic.  Setting rarest alleles to missing.
Note: Variant 99 is triallelic.  Setting rarest alleles to missing.
Note: Variant 101 is triallelic.  Setting rarest alleles to missing.
Note: Variant 103 is triallelic.  Setting rarest alleles to missing.
Note: Variant 104 is triallelic.  Setting rarest alleles to missing.
Note: Variant 105 is triallelic.  Setting rarest alleles to missing.
Note: Variant 107 is triallelic.  Setting rarest alleles to missing.
Note: Variant 108 is triallelic.  Setting rarest alleles to missing.
Note: Variant 109 is triallelic.  Setting rarest alleles to missing.
Note: Variant 110 is triallelic.  Setting rarest alleles to missing.
Note: Variant 113 is triallelic.  Setting rarest alleles to missing.
Note: Variant 114 is quadallelic.  Setting rarest alleles to missing.
Note: Variant 116 is triallelic.  Setting rarest alleles to missing.
Note: Variant 117 is triallelic.  Setting rarest alleles to missing.
Note: Variant 118 is quadallelic.  Setting rarest alleles to missing.
Note: Variant 119 is triallelic.  Setting rarest alleles to missing.
Note: Variant 121 is triallelic.  Setting rarest alleles to missing.
Note: Variant 122 is triallelic.  Setting rarest alleles to missing.
Note: Variant 123 is triallelic.  Setting rarest alleles to missing.
Note: Variant 124 is triallelic.  Setting rarest alleles to missing.
Note: Variant 125 is triallelic.  Setting rarest alleles to missing.
Note: Variant 126 is triallelic.  Setting rarest alleles to missing.
Note: Variant 127 is triallelic.  Setting rarest alleles to missing.
Note: Variant 129 is triallelic.  Setting rarest alleles to missing.
Note: Variant 130 is triallelic.  Setting rarest alleles to missing.
Note: Variant 131 is triallelic.  Setting rarest alleles to missing.
Note: Variant 132 is triallelic.  Setting rarest alleles to missing.
Note: Variant 133 is triallelic.  Setting rarest alleles to missing.
Note: Variant 134 is triallelic.  Setting rarest alleles to missing.
Note: Variant 136 is triallelic.  Setting rarest alleles to missing.
Note: Variant 137 is triallelic.  Setting rarest alleles to missing.
Note: Variant 138 is triallelic.  Setting rarest alleles to missing.
Note: Variant 139 is triallelic.  Setting rarest alleles to missing.
Note: Variant 140 is triallelic.  Setting rarest alleles to missing.
Note: Variant 141 is triallelic.  Setting rarest alleles to missing.
Note: Variant 142 is triallelic.  Setting rarest alleles to missing.
Note: Variant 143 is triallelic.  Setting rarest alleles to missing.
Note: Variant 144 is triallelic.  Setting rarest alleles to missing.
Note: Variant 145 is triallelic.  Setting rarest alleles to missing.
Note: Variant 146 is triallelic.  Setting rarest alleles to missing.
Note: Variant 147 is triallelic.  Setting rarest alleles to missing.
Note: Variant 148 is triallelic.  Setting rarest alleles to missing.
Note: Variant 150 is triallelic.  Setting rarest alleles to missing.
Note: Variant 151 is triallelic.  Setting rarest alleles to missing.
Note: Variant 152 is triallelic.  Setting rarest alleles to missing.
Note: Variant 153 is triallelic.  Setting rarest alleles to missing.
Note: Variant 154 is triallelic.  Setting rarest alleles to missing.
Note: Variant 156 is triallelic.  Setting rarest alleles to missing.
Note: Variant 157 is triallelic.  Setting rarest alleles to missing.
Note: Variant 158 is triallelic.  Setting rarest alleles to missing.
Note: Variant 159 is triallelic.  Setting rarest alleles to missing.
Note: Variant 160 is triallelic.  Setting rarest alleles to missing.
Note: Variant 161 is triallelic.  Setting rarest alleles to missing.
Note: Variant 162 is triallelic.  Setting rarest alleles to missing.
Note: Variant 164 is triallelic.  Setting rarest alleles to missing.
Note: Variant 165 is triallelic.  Setting rarest alleles to missing.
Note: Variant 166 is triallelic.  Setting rarest alleles to missing.
Note: Variant 167 is triallelic.  Setting rarest alleles to missing.
Note: Variant 170 is triallelic.  Setting rarest alleles to missing.
Note: Variant 171 is triallelic.  Setting rarest alleles to missing.
Note: Variant 172 is triallelic.  Setting rarest alleles to missing.
Note: Variant 173 is triallelic.  Setting rarest alleles to missing.
Note: Variant 174 is triallelic.  Setting rarest alleles to missing.
Note: Variant 175 is triallelic.  Setting rarest alleles to missing.
Note: Variant 176 is triallelic.  Setting rarest alleles to missing.
Note: Variant 180 is triallelic.  Setting rarest alleles to missing.
Note: Variant 181 is triallelic.  Setting rarest alleles to missing.
Note: Variant 183 is triallelic.  Setting rarest alleles to missing.
Note: Variant 184 is triallelic.  Setting rarest alleles to missing.
Note: Variant 185 is triallelic.  Setting rarest alleles to missing.
Note: Variant 188 is triallelic.  Setting rarest alleles to missing.
Note: Variant 189 is triallelic.  Setting rarest alleles to missing.
Note: Variant 190 is triallelic.  Setting rarest alleles to missing.
Note: Variant 191 is triallelic.  Setting rarest alleles to missing.
Note: Variant 192 is triallelic.  Setting rarest alleles to missing.
Note: Variant 193 is triallelic.  Setting rarest alleles to missing.
Note: Variant 194 is triallelic.  Setting rarest alleles to missing.
Note: Variant 195 is triallelic.  Setting rarest alleles to missing.
Note: Variant 196 is triallelic.  Setting rarest alleles to missing.
Note: Variant 197 is triallelic.  Setting rarest alleles to missing.
Note: Variant 198 is triallelic.  Setting rarest alleles to missing.
Note: Variant 200 is triallelic.  Setting rarest alleles to missing.
Note: Variant 203 is triallelic.  Setting rarest alleles to missing.
Note: Variant 204 is triallelic.  Setting rarest alleles to missing.
Note: Variant 207 is triallelic.  Setting rarest alleles to missing.
Note: Variant 208 is triallelic.  Setting rarest alleles to missing.
Note: Variant 209 is triallelic.  Setting rarest alleles to missing.
Note: Variant 210 is triallelic.  Setting rarest alleles to missing.
Note: Variant 211 is triallelic.  Setting rarest alleles to missing.
Note: Variant 212 is triallelic.  Setting rarest alleles to missing.
Note: Variant 213 is triallelic.  Setting rarest alleles to missing.
Note: Variant 214 is triallelic.  Setting rarest alleles to missing.
Note: Variant 215 is triallelic.  Setting rarest alleles to missing.
Note: Variant 216 is triallelic.  Setting rarest alleles to missing.
Note: Variant 217 is triallelic.  Setting rarest alleles to missing.
Note: Variant 218 is triallelic.  Setting rarest alleles to missing.
Note: Variant 220 is triallelic.  Setting rarest alleles to missing.
Note: Variant 222 is triallelic.  Setting rarest alleles to missing.
Note: Variant 223 is triallelic.  Setting rarest alleles to missing.
Note: Variant 224 is triallelic.  Setting rarest alleles to missing.
Note: Variant 226 is triallelic.  Setting rarest alleles to missing.
Note: Variant 227 is triallelic.  Setting rarest alleles to missing.
Note: Variant 228 is triallelic.  Setting rarest alleles to missing.
Note: Variant 229 is triallelic.  Setting rarest alleles to missing.
Note: Variant 231 is triallelic.  Setting rarest alleles to missing.
Note: Variant 235 is triallelic.  Setting rarest alleles to missing.
Note: Variant 236 is triallelic.  Setting rarest alleles to missing.
Note: Variant 237 is triallelic.  Setting rarest alleles to missing.
Note: Variant 238 is triallelic.  Setting rarest alleles to missing.
Note: Variant 240 is triallelic.  Setting rarest alleles to missing.
Note: Variant 241 is triallelic.  Setting rarest alleles to missing.
Note: Variant 242 is triallelic.  Setting rarest alleles to missing.
Note: Variant 243 is triallelic.  Setting rarest alleles to missing.
Note: Variant 244 is triallelic.  Setting rarest alleles to missing.
Note: Variant 245 is triallelic.  Setting rarest alleles to missing.
Note: Variant 246 is triallelic.  Setting rarest alleles to missing.
Note: Variant 247 is triallelic.  Setting rarest alleles to missing.
Note: Variant 249 is triallelic.  Setting rarest alleles to missing.
Note: Variant 250 is triallelic.  Setting rarest alleles to missing.
Note: Variant 251 is triallelic.  Setting rarest alleles to missing.
Note: Variant 254 is triallelic.  Setting rarest alleles to missing.
Note: Variant 255 is triallelic.  Setting rarest alleles to missing.
Note: Variant 256 is triallelic.  Setting rarest alleles to missing.
Note: Variant 258 is triallelic.  Setting rarest alleles to missing.
Note: Variant 259 is triallelic.  Setting rarest alleles to missing.
Note: Variant 260 is triallelic.  Setting rarest alleles to missing.
Note: Variant 261 is triallelic.  Setting rarest alleles to missing.
Note: Variant 262 is triallelic.  Setting rarest alleles to missing.
Note: Variant 263 is triallelic.  Setting rarest alleles to missing.
Note: Variant 264 is triallelic.  Setting rarest alleles to missing.
Note: Variant 265 is triallelic.  Setting rarest alleles to missing.
Note: Variant 266 is triallelic.  Setting rarest alleles to missing.
Note: Variant 267 is triallelic.  Setting rarest alleles to missing.
Note: Variant 270 is triallelic.  Setting rarest alleles to missing.
Note: Variant 271 is triallelic.  Setting rarest alleles to missing.
Note: Variant 272 is triallelic.  Setting rarest alleles to missing.
Note: Variant 275 is triallelic.  Setting rarest alleles to missing.
Note: Variant 278 is triallelic.  Setting rarest alleles to missing.
Note: Variant 279 is triallelic.  Setting rarest alleles to missing.
Note: Variant 280 is triallelic.  Setting rarest alleles to missing.
Note: Variant 282 is triallelic.  Setting rarest alleles to missing.
Note: Variant 283 is triallelic.  Setting rarest alleles to missing.
Note: Variant 284 is triallelic.  Setting rarest alleles to missing.
Note: Variant 286 is triallelic.  Setting rarest alleles to missing.
Note: Variant 288 is triallelic.  Setting rarest alleles to missing.
Note: Variant 289 is triallelic.  Setting rarest alleles to missing.
Note: Variant 290 is triallelic.  Setting rarest alleles to missing.
Note: Variant 291 is triallelic.  Setting rarest alleles to missing.
Note: Variant 292 is triallelic.  Setting rarest alleles to missing.
Note: Variant 294 is triallelic.  Setting rarest alleles to missing.
Note: Variant 295 is triallelic.  Setting rarest alleles to missing.
Note: Variant 296 is triallelic.  Setting rarest alleles to missing.
Note: Variant 297 is triallelic.  Setting rarest alleles to missing.
Note: Variant 298 is triallelic.  Setting rarest alleles to missing.
Note: Variant 299 is triallelic.  Setting rarest alleles to missing.
Note: Variant 300 is triallelic.  Setting rarest alleles to missing.
Note: Variant 303 is triallelic.  Setting rarest alleles to missing.
Note: Variant 304 is triallelic.  Setting rarest alleles to missing.
Note: Variant 306 is triallelic.  Setting rarest alleles to missing.
Note: Variant 307 is triallelic.  Setting rarest alleles to missing.
Note: Variant 308 is triallelic.  Setting rarest alleles to missing.
Note: Variant 313 is triallelic.  Setting rarest alleles to missing.
Note: Variant 314 is triallelic.  Setting rarest alleles to missing.
Note: Variant 315 is triallelic.  Setting rarest alleles to missing.
Note: Variant 316 is triallelic.  Setting rarest alleles to missing.
Note: Variant 318 is triallelic.  Setting rarest alleles to missing.
Note: Variant 319 is triallelic.  Setting rarest alleles to missing.
Note: Variant 321 is triallelic.  Setting rarest alleles to missing.
Note: Variant 322 is triallelic.  Setting rarest alleles to missing.
Note: Variant 323 is triallelic.  Setting rarest alleles to missing.
Note: Variant 324 is triallelic.  Setting rarest alleles to missing.
Note: Variant 326 is triallelic.  Setting rarest alleles to missing.
Note: Variant 327 is triallelic.  Setting rarest alleles to missing.
Note: Variant 328 is triallelic.  Setting rarest alleles to missing.
Note: Variant 329 is triallelic.  Setting rarest alleles to missing.
Note: Variant 332 is triallelic.  Setting rarest alleles to missing.
Note: Variant 335 is triallelic.  Setting rarest alleles to missing.
Note: Variant 337 is triallelic.  Setting rarest alleles to missing.
Note: Variant 338 is triallelic.  Setting rarest alleles to missing.
Note: Variant 339 is triallelic.  Setting rarest alleles to missing.
Note: Variant 342 is triallelic.  Setting rarest alleles to missing.
Note: Variant 343 is triallelic.  Setting rarest alleles to missing.
Note: Variant 344 is triallelic.  Setting rarest alleles to missing.
Note: Variant 345 is triallelic.  Setting rarest alleles to missing.
Note: Variant 346 is triallelic.  Setting rarest alleles to missing.
Note: Variant 348 is triallelic.  Setting rarest alleles to missing.
Note: Variant 350 is triallelic.  Setting rarest alleles to missing.
Note: Variant 351 is triallelic.  Setting rarest alleles to missing.
Note: Variant 352 is triallelic.  Setting rarest alleles to missing.
Note: Variant 353 is triallelic.  Setting rarest alleles to missing.
Note: Variant 354 is triallelic.  Setting rarest alleles to missing.
Note: Variant 355 is triallelic.  Setting rarest alleles to missing.
Note: Variant 357 is triallelic.  Setting rarest alleles to missing.
Note: Variant 358 is triallelic.  Setting rarest alleles to missing.
Note: Variant 359 is triallelic.  Setting rarest alleles to missing.
Note: Variant 360 is triallelic.  Setting rarest alleles to missing.
Note: Variant 363 is triallelic.  Setting rarest alleles to missing.
Note: Variant 364 is triallelic.  Setting rarest alleles to missing.
Note: Variant 365 is triallelic.  Setting rarest alleles to missing.
Note: Variant 367 is triallelic.  Setting rarest alleles to missing.
Note: Variant 368 is triallelic.  Setting rarest alleles to missing.
Note: Variant 369 is triallelic.  Setting rarest alleles to missing.
Note: Variant 371 is triallelic.  Setting rarest alleles to missing.
Note: Variant 372 is triallelic.  Setting rarest alleles to missing.
Note: Variant 373 is triallelic.  Setting rarest alleles to missing.
Note: Variant 375 is triallelic.  Setting rarest alleles to missing.
Note: Variant 376 is triallelic.  Setting rarest alleles to missing.
Note: Variant 377 is triallelic.  Setting rarest alleles to missing.
Note: Variant 378 is triallelic.  Setting rarest alleles to missing.
Note: Variant 380 is triallelic.  Setting rarest alleles to missing.
Note: Variant 383 is triallelic.  Setting rarest alleles to missing.
Note: Variant 384 is triallelic.  Setting rarest alleles to missing.
Note: Variant 385 is triallelic.  Setting rarest alleles to missing.
Note: Variant 386 is triallelic.  Setting rarest alleles to missing.
Note: Variant 387 is triallelic.  Setting rarest alleles to missing.
Note: Variant 388 is triallelic.  Setting rarest alleles to missing.
Note: Variant 390 is triallelic.  Setting rarest alleles to missing.
Note: Variant 391 is triallelic.  Setting rarest alleles to missing.
Note: Variant 393 is triallelic.  Setting rarest alleles to missing.
Note: Variant 394 is triallelic.  Setting rarest alleles to missing.
Note: Variant 395 is triallelic.  Setting rarest alleles to missing.
Note: Variant 396 is triallelic.  Setting rarest alleles to missing.
Note: Variant 398 is triallelic.  Setting rarest alleles to missing.
Note: Variant 399 is triallelic.  Setting rarest alleles to missing.
Note: Variant 400 is triallelic.  Setting rarest alleles to missing.
Note: Variant 401 is triallelic.  Setting rarest alleles to missing.
Note: Variant 402 is triallelic.  Setting rarest alleles to missing.
Note: Variant 403 is triallelic.  Setting rarest alleles to missing.
Note: Variant 404 is triallelic.  Setting rarest alleles to missing.
Note: Variant 405 is triallelic.  Setting rarest alleles to missing.
Note: Variant 406 is triallelic.  Setting rarest alleles to missing.
Note: Variant 407 is triallelic.  Setting rarest alleles to missing.
Note: Variant 410 is triallelic.  Setting rarest alleles to missing.
Note: Variant 411 is triallelic.  Setting rarest alleles to missing.
Note: Variant 412 is triallelic.  Setting rarest alleles to missing.
Note: Variant 413 is triallelic.  Setting rarest alleles to missing.
Note: Variant 415 is triallelic.  Setting rarest alleles to missing.
Note: Variant 416 is triallelic.  Setting rarest alleles to missing.
Note: Variant 417 is triallelic.  Setting rarest alleles to missing.
Note: Variant 419 is triallelic.  Setting rarest alleles to missing.
Note: Variant 420 is triallelic.  Setting rarest alleles to missing.
Note: Variant 421 is triallelic.  Setting rarest alleles to missing.
Note: Variant 422 is triallelic.  Setting rarest alleles to missing.
Note: Variant 423 is triallelic.  Setting rarest alleles to missing.
Note: Variant 424 is triallelic.  Setting rarest alleles to missing.
Note: Variant 425 is triallelic.  Setting rarest alleles to missing.
Note: Variant 426 is triallelic.  Setting rarest alleles to missing.
Note: Variant 427 is triallelic.  Setting rarest alleles to missing.
Note: Variant 428 is triallelic.  Setting rarest alleles to missing.
Note: Variant 429 is triallelic.  Setting rarest alleles to missing.
Note: Variant 430 is triallelic.  Setting rarest alleles to missing.
Note: Variant 432 is quadallelic.  Setting rarest alleles to missing.
Note: Variant 433 is triallelic.  Setting rarest alleles to missing.
Note: Variant 434 is triallelic.  Setting rarest alleles to missing.
Note: Variant 435 is triallelic.  Setting rarest alleles to missing.
Note: Variant 436 is triallelic.  Setting rarest alleles to missing.
Note: Variant 438 is triallelic.  Setting rarest alleles to missing.
Note: Variant 439 is triallelic.  Setting rarest alleles to missing.
Note: Variant 441 is triallelic.  Setting rarest alleles to missing.
Note: Variant 442 is triallelic.  Setting rarest alleles to missing.
Note: Variant 443 is triallelic.  Setting rarest alleles to missing.
Note: Variant 444 is triallelic.  Setting rarest alleles to missing.
Note: Variant 445 is triallelic.  Setting rarest alleles to missing.
Note: Variant 446 is triallelic.  Setting rarest alleles to missing.
Note: Variant 447 is triallelic.  Setting rarest alleles to missing.
Note: Variant 448 is triallelic.  Setting rarest alleles to missing.
Note: Variant 449 is triallelic.  Setting rarest alleles to missing.
Note: Variant 451 is triallelic.  Setting rarest alleles to missing.
Note: Variant 453 is triallelic.  Setting rarest alleles to missing.
Note: Variant 454 is triallelic.  Setting rarest alleles to missing.
Note: Variant 455 is triallelic.  Setting rarest alleles to missing.
Note: Variant 456 is triallelic.  Setting rarest alleles to missing.
Note: Variant 457 is triallelic.  Setting rarest alleles to missing.
Note: Variant 458 is triallelic.  Setting rarest alleles to missing.
Note: Variant 460 is triallelic.  Setting rarest alleles to missing.
Note: Variant 461 is triallelic.  Setting rarest alleles to missing.
Note: Variant 463 is triallelic.  Setting rarest alleles to missing.
Note: Variant 464 is quadallelic.  Setting rarest alleles to missing.
Note: Variant 465 is triallelic.  Setting rarest alleles to missing.
Note: Variant 466 is triallelic.  Setting rarest alleles to missing.
Note: Variant 467 is triallelic.  Setting rarest alleles to missing.
Note: Variant 469 is triallelic.  Setting rarest alleles to missing.
Note: Variant 470 is triallelic.  Setting rarest alleles to missing.
Note: Variant 471 is triallelic.  Setting rarest alleles to missing.
Note: Variant 472 is triallelic.  Setting rarest alleles to missing.
Note: Variant 473 is triallelic.  Setting rarest alleles to missing.
Note: Variant 474 is triallelic.  Setting rarest alleles to missing.
Note: Variant 476 is triallelic.  Setting rarest alleles to missing.
Note: Variant 477 is triallelic.  Setting rarest alleles to missing.
Note: Variant 479 is triallelic.  Setting rarest alleles to missing.
Note: Variant 480 is triallelic.  Setting rarest alleles to missing.
Note: Variant 481 is triallelic.  Setting rarest alleles to missing.
Note: Variant 482 is triallelic.  Setting rarest alleles to missing.
Note: Variant 484 is triallelic.  Setting rarest alleles to missing.
Note: Variant 485 is quadallelic.  Setting rarest alleles to missing.
Note: Variant 486 is triallelic.  Setting rarest alleles to missing.
Note: Variant 488 is triallelic.  Setting rarest alleles to missing.
Note: Variant 489 is triallelic.  Setting rarest alleles to missing.
Note: Variant 490 is triallelic.  Setting rarest alleles to missing.
Note: Variant 493 is triallelic.  Setting rarest alleles to missing.
Note: Variant 494 is triallelic.  Setting rarest alleles to missing.
Note: Variant 496 is triallelic.  Setting rarest alleles to missing.
Note: Variant 497 is triallelic.  Setting rarest alleles to missing.
Note: Variant 498 is triallelic.  Setting rarest alleles to missing.
Note: Variant 499 is triallelic.  Setting rarest alleles to missing.
Note: Variant 500 is triallelic.  Setting rarest alleles to missing.
Note: Variant 502 is triallelic.  Setting rarest alleles to missing.
Note: Variant 503 is triallelic.  Setting rarest alleles to missing.
Note: Variant 504 is triallelic.  Setting rarest alleles to missing.
Note: Variant 505 is triallelic.  Setting rarest alleles to missing.
Note: Variant 506 is triallelic.  Setting rarest alleles to missing.
Note: Variant 507 is triallelic.  Setting rarest alleles to missing.
Note: Variant 508 is triallelic.  Setting rarest alleles to missing.
Note: Variant 509 is triallelic.  Setting rarest alleles to missing.
Note: Variant 510 is triallelic.  Setting rarest alleles to missing.
Note: Variant 511 is triallelic.  Setting rarest alleles to missing.
Note: Variant 512 is triallelic.  Setting rarest alleles to missing.
Note: Variant 513 is triallelic.  Setting rarest alleles to missing.
Note: Variant 514 is triallelic.  Setting rarest alleles to missing.
Note: Variant 515 is triallelic.  Setting rarest alleles to missing.
Note: Variant 516 is triallelic.  Setting rarest alleles to missing.
Note: Variant 517 is triallelic.  Setting rarest alleles to missing.
Note: Variant 518 is triallelic.  Setting rarest alleles to missing.
Note: Variant 519 is triallelic.  Setting rarest alleles to missing.
Note: Variant 520 is triallelic.  Setting rarest alleles to missing.
Note: Variant 522 is triallelic.  Setting rarest alleles to missing.
Note: Variant 523 is triallelic.  Setting rarest alleles to missing.
Note: Variant 524 is triallelic.  Setting rarest alleles to missing.
Note: Variant 525 is triallelic.  Setting rarest alleles to missing.
Note: Variant 526 is triallelic.  Setting rarest alleles to missing.
Note: Variant 527 is triallelic.  Setting rarest alleles to missing.
Note: Variant 528 is triallelic.  Setting rarest alleles to missing.
Note: Variant 529 is triallelic.  Setting rarest alleles to missing.
Note: Variant 530 is triallelic.  Setting rarest alleles to missing.
Note: Variant 531 is triallelic.  Setting rarest alleles to missing.
Note: Variant 532 is triallelic.  Setting rarest alleles to missing.
Note: Variant 533 is triallelic.  Setting rarest alleles to missing.
Note: Variant 534 is triallelic.  Setting rarest alleles to missing.
Note: Variant 536 is triallelic.  Setting rarest alleles to missing.
Note: Variant 537 is triallelic.  Setting rarest alleles to missing.
Note: Variant 538 is triallelic.  Setting rarest alleles to missing.
Note: Variant 539 is triallelic.  Setting rarest alleles to missing.
Note: Variant 540 is triallelic.  Setting rarest alleles to missing.
Note: Variant 541 is triallelic.  Setting rarest alleles to missing.
Note: Variant 542 is triallelic.  Setting rarest alleles to missing.
Note: Variant 543 is triallelic.  Setting rarest alleles to missing.
Note: Variant 544 is triallelic.  Setting rarest alleles to missing.
Note: Variant 545 is triallelic.  Setting rarest alleles to missing.
Note: Variant 546 is triallelic.  Setting rarest alleles to missing.
Note: Variant 547 is triallelic.  Setting rarest alleles to missing.
Note: Variant 548 is triallelic.  Setting rarest alleles to missing.
Note: Variant 549 is triallelic.  Setting rarest alleles to missing.
Note: Variant 550 is triallelic.  Setting rarest alleles to missing.
Note: Variant 552 is triallelic.  Setting rarest alleles to missing.
Note: Variant 553 is triallelic.  Setting rarest alleles to missing.
Note: Variant 554 is triallelic.  Setting rarest alleles to missing.
Note: Variant 555 is triallelic.  Setting rarest alleles to missing.
Note: Variant 556 is triallelic.  Setting rarest alleles to missing.
Note: Variant 557 is triallelic.  Setting rarest alleles to missing.
Note: Variant 558 is triallelic.  Setting rarest alleles to missing.
Note: Variant 560 is triallelic.  Setting rarest alleles to missing.
Note: Variant 561 is triallelic.  Setting rarest alleles to missing.
Note: Variant 562 is triallelic.  Setting rarest alleles to missing.
Note: Variant 563 is triallelic.  Setting rarest alleles to missing.
Note: Variant 565 is triallelic.  Setting rarest alleles to missing.
Note: Variant 566 is triallelic.  Setting rarest alleles to missing.
Note: Variant 567 is triallelic.  Setting rarest alleles to missing.
Note: Variant 568 is triallelic.  Setting rarest alleles to missing.
Note: Variant 569 is quadallelic.  Setting rarest alleles to missing.
Note: Variant 570 is triallelic.  Setting rarest alleles to missing.
Note: Variant 571 is quadallelic.  Setting rarest alleles to missing.
Note: Variant 572 is triallelic.  Setting rarest alleles to missing.
Note: Variant 574 is triallelic.  Setting rarest alleles to missing.
Note: Variant 575 is triallelic.  Setting rarest alleles to missing.
Note: Variant 576 is triallelic.  Setting rarest alleles to missing.
Note: Variant 577 is triallelic.  Setting rarest alleles to missing.
Note: Variant 578 is triallelic.  Setting rarest alleles to missing.
Note: Variant 579 is triallelic.  Setting rarest alleles to missing.
Note: Variant 580 is triallelic.  Setting rarest alleles to missing.
Note: Variant 581 is triallelic.  Setting rarest alleles to missing.
Note: Variant 583 is triallelic.  Setting rarest alleles to missing.
Note: Variant 584 is triallelic.  Setting rarest alleles to missing.
Note: Variant 585 is triallelic.  Setting rarest alleles to missing.
Note: Variant 589 is triallelic.  Setting rarest alleles to missing.
Note: Variant 590 is triallelic.  Setting rarest alleles to missing.
Note: Variant 591 is triallelic.  Setting rarest alleles to missing.
Note: Variant 592 is triallelic.  Setting rarest alleles to missing.
Note: Variant 593 is triallelic.  Setting rarest alleles to missing.
Note: Variant 595 is triallelic.  Setting rarest alleles to missing.
Note: Variant 596 is triallelic.  Setting rarest alleles to missing.
Note: Variant 597 is triallelic.  Setting rarest alleles to missing.
Note: Variant 598 is triallelic.  Setting rarest alleles to missing.
Note: Variant 600 is triallelic.  Setting rarest alleles to missing.
Note: Variant 601 is triallelic.  Setting rarest alleles to missing.
Note: Variant 603 is triallelic.  Setting rarest alleles to missing.
Note: Variant 604 is triallelic.  Setting rarest alleles to missing.
Note: Variant 605 is triallelic.  Setting rarest alleles to missing.
Note: Variant 606 is triallelic.  Setting rarest alleles to missing.
Note: Variant 607 is triallelic.  Setting rarest alleles to missing.
Note: Variant 608 is triallelic.  Setting rarest alleles to missing.
Note: Variant 609 is triallelic.  Setting rarest alleles to missing.
Note: Variant 610 is triallelic.  Setting rarest alleles to missing.
Note: Variant 611 is triallelic.  Setting rarest alleles to missing.
Note: Variant 612 is triallelic.  Setting rarest alleles to missing.
Note: Variant 613 is triallelic.  Setting rarest alleles to missing.
Note: Variant 614 is triallelic.  Setting rarest alleles to missing.
Note: Variant 615 is triallelic.  Setting rarest alleles to missing.
Note: Variant 616 is triallelic.  Setting rarest alleles to missing.
Note: Variant 617 is triallelic.  Setting rarest alleles to missing.
Note: Variant 618 is triallelic.  Setting rarest alleles to missing.
Note: Variant 619 is triallelic.  Setting rarest alleles to missing.
Note: Variant 620 is triallelic.  Setting rarest alleles to missing.
Note: Variant 621 is triallelic.  Setting rarest alleles to missing.
Note: Variant 622 is triallelic.  Setting rarest alleles to missing.
Note: Variant 623 is triallelic.  Setting rarest alleles to missing.
Note: Variant 624 is triallelic.  Setting rarest alleles to missing.
Note: Variant 625 is triallelic.  Setting rarest alleles to missing.
Note: Variant 626 is triallelic.  Setting rarest alleles to missing.
Note: Variant 627 is triallelic.  Setting rarest alleles to missing.
Note: Variant 628 is triallelic.  Setting rarest alleles to missing.
Note: Variant 629 is triallelic.  Setting rarest alleles to missing.
Note: Variant 630 is triallelic.  Setting rarest alleles to missing.
Note: Variant 631 is triallelic.  Setting rarest alleles to missing.
Note: Variant 632 is triallelic.  Setting rarest alleles to missing.
Note: Variant 633 is triallelic.  Setting rarest alleles to missing.
Note: Variant 634 is triallelic.  Setting rarest alleles to missing.
Note: Variant 635 is triallelic.  Setting rarest alleles to missing.
Note: Variant 636 is triallelic.  Setting rarest alleles to missing.
Note: Variant 637 is triallelic.  Setting rarest alleles to missing.
Note: Variant 638 is triallelic.  Setting rarest alleles to missing.
Note: Variant 639 is quadallelic.  Setting rarest alleles to missing.
Note: Variant 640 is triallelic.  Setting rarest alleles to missing.
Note: Variant 641 is triallelic.  Setting rarest alleles to missing.
Note: Variant 642 is triallelic.  Setting rarest alleles to missing.
Note: Variant 643 is triallelic.  Setting rarest alleles to missing.
Note: Variant 646 is triallelic.  Setting rarest alleles to missing.
Note: Variant 649 is triallelic.  Setting rarest alleles to missing.
Note: Variant 650 is triallelic.  Setting rarest alleles to missing.
Note: Variant 654 is triallelic.  Setting rarest alleles to missing.
Note: Variant 655 is triallelic.  Setting rarest alleles to missing.
Note: Variant 656 is triallelic.  Setting rarest alleles to missing.
Note: Variant 659 is triallelic.  Setting rarest alleles to missing.
Note: Variant 660 is quadallelic.  Setting rarest alleles to missing.
Note: Variant 662 is triallelic.  Setting rarest alleles to missing.
Note: Variant 663 is triallelic.  Setting rarest alleles to missing.
Note: Variant 666 is triallelic.  Setting rarest alleles to missing.
Note: Variant 667 is triallelic.  Setting rarest alleles to missing.
Note: Variant 668 is triallelic.  Setting rarest alleles to missing.
Note: Variant 669 is triallelic.  Setting rarest alleles to missing.
Note: Variant 670 is triallelic.  Setting rarest alleles to missing.
Note: Variant 671 is triallelic.  Setting rarest alleles to missing.
Note: Variant 672 is triallelic.  Setting rarest alleles to missing.
Note: Variant 673 is triallelic.  Setting rarest alleles to missing.
Note: Variant 674 is triallelic.  Setting rarest alleles to missing.
Note: Variant 675 is triallelic.  Setting rarest alleles to missing.
Note: Variant 676 is triallelic.  Setting rarest alleles to missing.
Note: Variant 677 is quadallelic.  Setting rarest alleles to missing.
Note: Variant 679 is triallelic.  Setting rarest alleles to missing.
Note: Variant 680 is quadallelic.  Setting rarest alleles to missing.
Note: Variant 681 is triallelic.  Setting rarest alleles to missing.
Note: Variant 682 is triallelic.  Setting rarest alleles to missing.
Note: Variant 683 is triallelic.  Setting rarest alleles to missing.
Note: Variant 684 is triallelic.  Setting rarest alleles to missing.
Note: Variant 685 is triallelic.  Setting rarest alleles to missing.
Note: Variant 686 is triallelic.  Setting rarest alleles to missing.
Note: Variant 687 is triallelic.  Setting rarest alleles to missing.
Note: Variant 688 is triallelic.  Setting rarest alleles to missing.
Note: Variant 689 is triallelic.  Setting rarest alleles to missing.
Note: Variant 690 is triallelic.  Setting rarest alleles to missing.
Note: Variant 692 is triallelic.  Setting rarest alleles to missing.
Note: Variant 693 is triallelic.  Setting rarest alleles to missing.
Note: Variant 695 is triallelic.  Setting rarest alleles to missing.
all.johns.height_ped-temporary.bed + all.johns.height_ped-temporary.bim +
all.johns.height_ped-temporary.fam written.
696 variants loaded from .bim file.
86 people (0 males, 0 females, 86 ambiguous) loaded from .fam.
Ambiguous sex IDs written to all.johns.height_ped.nosex .
Using 1 thread (no multithreaded calculations invoked.
Before main variant filters, 86 founders and 0 nonfounders present.
Calculating allele frequencies... done.
Total genotyping rate is 0.982207.
696 variants and 86 people pass filters and QC.
Note: No phenotypes present.
--recode to all.johns.height_ped.ped + all.johns.height_ped.map ... done.

End time: Sat Aug 19 03:53:57 2017
