PLINK v1.90b3w 64-bit (3 Sep 2015)
Options in effect:
  --out Johns_height_text
  --recode
  --tfile Johns_height

Hostname: ebc201
Working directory: /mmg/awwohns
Start time: Thu Nov 10 11:56:35 2016

Random number seed: 1478771795
257661 MB RAM detected; reserving 128830 MB for main workspace.
Processing .tped file.
Note: Variant 1 is triallelic.  Setting rarest alleles to missing.
Note: Variant 3 is triallelic.  Setting rarest alleles to missing.
Note: Variant 4 is triallelic.  Setting rarest alleles to missing.
Note: Variant 5 is triallelic.  Setting rarest alleles to missing.
Note: Variant 6 is triallelic.  Setting rarest alleles to missing.
Note: Variant 7 is triallelic.  Setting rarest alleles to missing.
Note: Variant 8 is triallelic.  Setting rarest alleles to missing.
Note: Variant 9 is triallelic.  Setting rarest alleles to missing.
Note: Variant 10 is triallelic.  Setting rarest alleles to missing.
Note: Variant 11 is triallelic.  Setting rarest alleles to missing.
Note: Variant 12 is triallelic.  Setting rarest alleles to missing.
Note: Variant 13 is triallelic.  Setting rarest alleles to missing.
Note: Variant 14 is triallelic.  Setting rarest alleles to missing.
Note: Variant 17 is triallelic.  Setting rarest alleles to missing.
Note: Variant 18 is triallelic.  Setting rarest alleles to missing.
Note: Variant 19 is triallelic.  Setting rarest alleles to missing.
Note: Variant 20 is triallelic.  Setting rarest alleles to missing.
Note: Variant 21 is triallelic.  Setting rarest alleles to missing.
Note: Variant 23 is triallelic.  Setting rarest alleles to missing.
Note: Variant 26 is triallelic.  Setting rarest alleles to missing.
Note: Variant 29 is triallelic.  Setting rarest alleles to missing.
Note: Variant 33 is triallelic.  Setting rarest alleles to missing.
Note: Variant 38 is triallelic.  Setting rarest alleles to missing.
Note: Variant 39 is triallelic.  Setting rarest alleles to missing.
Note: Variant 40 is triallelic.  Setting rarest alleles to missing.
Note: Variant 41 is triallelic.  Setting rarest alleles to missing.
Note: Variant 42 is triallelic.  Setting rarest alleles to missing.
Note: Variant 43 is triallelic.  Setting rarest alleles to missing.
Note: Variant 45 is triallelic.  Setting rarest alleles to missing.
Note: Variant 46 is triallelic.  Setting rarest alleles to missing.
Note: Variant 47 is triallelic.  Setting rarest alleles to missing.
Note: Variant 48 is triallelic.  Setting rarest alleles to missing.
Note: Variant 49 is triallelic.  Setting rarest alleles to missing.
Note: Variant 51 is triallelic.  Setting rarest alleles to missing.
Note: Variant 52 is triallelic.  Setting rarest alleles to missing.
Note: Variant 53 is triallelic.  Setting rarest alleles to missing.
Note: Variant 55 is triallelic.  Setting rarest alleles to missing.
Note: Variant 57 is triallelic.  Setting rarest alleles to missing.
Note: Variant 58 is triallelic.  Setting rarest alleles to missing.
Note: Variant 59 is triallelic.  Setting rarest alleles to missing.
Note: Variant 60 is triallelic.  Setting rarest alleles to missing.
Note: Variant 61 is triallelic.  Setting rarest alleles to missing.
Note: Variant 62 is triallelic.  Setting rarest alleles to missing.
Note: Variant 65 is triallelic.  Setting rarest alleles to missing.
Note: Variant 67 is triallelic.  Setting rarest alleles to missing.
Note: Variant 68 is triallelic.  Setting rarest alleles to missing.
Note: Variant 69 is triallelic.  Setting rarest alleles to missing.
Note: Variant 70 is triallelic.  Setting rarest alleles to missing.
Note: Variant 71 is triallelic.  Setting rarest alleles to missing.
Note: Variant 72 is triallelic.  Setting rarest alleles to missing.
Note: Variant 73 is triallelic.  Setting rarest alleles to missing.
Note: Variant 74 is triallelic.  Setting rarest alleles to missing.
Note: Variant 75 is triallelic.  Setting rarest alleles to missing.
Note: Variant 76 is triallelic.  Setting rarest alleles to missing.
Note: Variant 78 is triallelic.  Setting rarest alleles to missing.
Note: Variant 79 is triallelic.  Setting rarest alleles to missing.
Note: Variant 82 is triallelic.  Setting rarest alleles to missing.
Note: Variant 83 is triallelic.  Setting rarest alleles to missing.
Note: Variant 84 is triallelic.  Setting rarest alleles to missing.
Note: Variant 88 is triallelic.  Setting rarest alleles to missing.
Note: Variant 89 is triallelic.  Setting rarest alleles to missing.
Note: Variant 90 is triallelic.  Setting rarest alleles to missing.
Note: Variant 92 is triallelic.  Setting rarest alleles to missing.
Note: Variant 93 is triallelic.  Setting rarest alleles to missing.
Note: Variant 94 is triallelic.  Setting rarest alleles to missing.
Note: Variant 96 is triallelic.  Setting rarest alleles to missing.
Note: Variant 97 is triallelic.  Setting rarest alleles to missing.
Note: Variant 98 is triallelic.  Setting rarest alleles to missing.
Note: Variant 99 is triallelic.  Setting rarest alleles to missing.
Note: Variant 100 is triallelic.  Setting rarest alleles to missing.
Note: Variant 101 is triallelic.  Setting rarest alleles to missing.
Note: Variant 103 is triallelic.  Setting rarest alleles to missing.
Note: Variant 104 is triallelic.  Setting rarest alleles to missing.
Note: Variant 105 is triallelic.  Setting rarest alleles to missing.
Note: Variant 107 is triallelic.  Setting rarest alleles to missing.
Note: Variant 109 is triallelic.  Setting rarest alleles to missing.
Note: Variant 110 is triallelic.  Setting rarest alleles to missing.
Note: Variant 111 is triallelic.  Setting rarest alleles to missing.
Note: Variant 113 is triallelic.  Setting rarest alleles to missing.
Note: Variant 114 is triallelic.  Setting rarest alleles to missing.
Note: Variant 115 is triallelic.  Setting rarest alleles to missing.
Note: Variant 116 is triallelic.  Setting rarest alleles to missing.
Note: Variant 120 is triallelic.  Setting rarest alleles to missing.
Note: Variant 122 is triallelic.  Setting rarest alleles to missing.
Note: Variant 123 is triallelic.  Setting rarest alleles to missing.
Note: Variant 124 is quadallelic.  Setting rarest alleles to missing.
Note: Variant 125 is triallelic.  Setting rarest alleles to missing.
Note: Variant 127 is triallelic.  Setting rarest alleles to missing.
Note: Variant 129 is triallelic.  Setting rarest alleles to missing.
Note: Variant 130 is triallelic.  Setting rarest alleles to missing.
Note: Variant 131 is triallelic.  Setting rarest alleles to missing.
Note: Variant 132 is triallelic.  Setting rarest alleles to missing.
Note: Variant 133 is triallelic.  Setting rarest alleles to missing.
Note: Variant 134 is triallelic.  Setting rarest alleles to missing.
Note: Variant 135 is triallelic.  Setting rarest alleles to missing.
Note: Variant 136 is triallelic.  Setting rarest alleles to missing.
Note: Variant 138 is triallelic.  Setting rarest alleles to missing.
Note: Variant 139 is triallelic.  Setting rarest alleles to missing.
Note: Variant 140 is triallelic.  Setting rarest alleles to missing.
Note: Variant 141 is triallelic.  Setting rarest alleles to missing.
Note: Variant 145 is triallelic.  Setting rarest alleles to missing.
Note: Variant 146 is triallelic.  Setting rarest alleles to missing.
Note: Variant 147 is triallelic.  Setting rarest alleles to missing.
Note: Variant 148 is triallelic.  Setting rarest alleles to missing.
Note: Variant 149 is triallelic.  Setting rarest alleles to missing.
Note: Variant 150 is triallelic.  Setting rarest alleles to missing.
Note: Variant 151 is triallelic.  Setting rarest alleles to missing.
Note: Variant 152 is triallelic.  Setting rarest alleles to missing.
Note: Variant 153 is triallelic.  Setting rarest alleles to missing.
Note: Variant 154 is triallelic.  Setting rarest alleles to missing.
Note: Variant 155 is triallelic.  Setting rarest alleles to missing.
Note: Variant 156 is triallelic.  Setting rarest alleles to missing.
Note: Variant 158 is triallelic.  Setting rarest alleles to missing.
Note: Variant 159 is triallelic.  Setting rarest alleles to missing.
Note: Variant 160 is triallelic.  Setting rarest alleles to missing.
Note: Variant 161 is triallelic.  Setting rarest alleles to missing.
Note: Variant 162 is triallelic.  Setting rarest alleles to missing.
Note: Variant 163 is triallelic.  Setting rarest alleles to missing.
Note: Variant 164 is triallelic.  Setting rarest alleles to missing.
Note: Variant 165 is triallelic.  Setting rarest alleles to missing.
Note: Variant 166 is triallelic.  Setting rarest alleles to missing.
Note: Variant 167 is triallelic.  Setting rarest alleles to missing.
Note: Variant 168 is triallelic.  Setting rarest alleles to missing.
Note: Variant 169 is triallelic.  Setting rarest alleles to missing.
Note: Variant 170 is triallelic.  Setting rarest alleles to missing.
Note: Variant 171 is triallelic.  Setting rarest alleles to missing.
Note: Variant 173 is triallelic.  Setting rarest alleles to missing.
Note: Variant 174 is triallelic.  Setting rarest alleles to missing.
Note: Variant 175 is triallelic.  Setting rarest alleles to missing.
Note: Variant 176 is triallelic.  Setting rarest alleles to missing.
Note: Variant 179 is triallelic.  Setting rarest alleles to missing.
Note: Variant 180 is triallelic.  Setting rarest alleles to missing.
Note: Variant 181 is triallelic.  Setting rarest alleles to missing.
Note: Variant 182 is triallelic.  Setting rarest alleles to missing.
Note: Variant 183 is triallelic.  Setting rarest alleles to missing.
Note: Variant 184 is triallelic.  Setting rarest alleles to missing.
Note: Variant 185 is triallelic.  Setting rarest alleles to missing.
Note: Variant 189 is triallelic.  Setting rarest alleles to missing.
Note: Variant 190 is triallelic.  Setting rarest alleles to missing.
Note: Variant 191 is triallelic.  Setting rarest alleles to missing.
Note: Variant 192 is triallelic.  Setting rarest alleles to missing.
Note: Variant 193 is triallelic.  Setting rarest alleles to missing.
Note: Variant 195 is triallelic.  Setting rarest alleles to missing.
Note: Variant 196 is triallelic.  Setting rarest alleles to missing.
Note: Variant 197 is triallelic.  Setting rarest alleles to missing.
Note: Variant 198 is triallelic.  Setting rarest alleles to missing.
Note: Variant 201 is triallelic.  Setting rarest alleles to missing.
Note: Variant 202 is triallelic.  Setting rarest alleles to missing.
Note: Variant 203 is triallelic.  Setting rarest alleles to missing.
Note: Variant 204 is triallelic.  Setting rarest alleles to missing.
Note: Variant 205 is triallelic.  Setting rarest alleles to missing.
Note: Variant 206 is triallelic.  Setting rarest alleles to missing.
Note: Variant 207 is triallelic.  Setting rarest alleles to missing.
Note: Variant 208 is triallelic.  Setting rarest alleles to missing.
Note: Variant 210 is triallelic.  Setting rarest alleles to missing.
Note: Variant 211 is triallelic.  Setting rarest alleles to missing.
Note: Variant 214 is triallelic.  Setting rarest alleles to missing.
Note: Variant 216 is triallelic.  Setting rarest alleles to missing.
Note: Variant 221 is triallelic.  Setting rarest alleles to missing.
Note: Variant 223 is triallelic.  Setting rarest alleles to missing.
Note: Variant 224 is triallelic.  Setting rarest alleles to missing.
Note: Variant 225 is triallelic.  Setting rarest alleles to missing.
Note: Variant 226 is triallelic.  Setting rarest alleles to missing.
Note: Variant 229 is triallelic.  Setting rarest alleles to missing.
Note: Variant 231 is triallelic.  Setting rarest alleles to missing.
Note: Variant 232 is triallelic.  Setting rarest alleles to missing.
Note: Variant 233 is triallelic.  Setting rarest alleles to missing.
Note: Variant 234 is triallelic.  Setting rarest alleles to missing.
Note: Variant 235 is triallelic.  Setting rarest alleles to missing.
Note: Variant 236 is triallelic.  Setting rarest alleles to missing.
Note: Variant 237 is triallelic.  Setting rarest alleles to missing.
Note: Variant 239 is triallelic.  Setting rarest alleles to missing.
Note: Variant 242 is triallelic.  Setting rarest alleles to missing.
Note: Variant 244 is triallelic.  Setting rarest alleles to missing.
Note: Variant 245 is triallelic.  Setting rarest alleles to missing.
Note: Variant 246 is triallelic.  Setting rarest alleles to missing.
Note: Variant 247 is triallelic.  Setting rarest alleles to missing.
Note: Variant 248 is triallelic.  Setting rarest alleles to missing.
Note: Variant 250 is triallelic.  Setting rarest alleles to missing.
Note: Variant 254 is triallelic.  Setting rarest alleles to missing.
Note: Variant 255 is triallelic.  Setting rarest alleles to missing.
Note: Variant 256 is triallelic.  Setting rarest alleles to missing.
Note: Variant 257 is triallelic.  Setting rarest alleles to missing.
Note: Variant 259 is triallelic.  Setting rarest alleles to missing.
Note: Variant 260 is triallelic.  Setting rarest alleles to missing.
Note: Variant 261 is triallelic.  Setting rarest alleles to missing.
Note: Variant 262 is triallelic.  Setting rarest alleles to missing.
Note: Variant 263 is triallelic.  Setting rarest alleles to missing.
Note: Variant 264 is triallelic.  Setting rarest alleles to missing.
Note: Variant 265 is triallelic.  Setting rarest alleles to missing.
Note: Variant 266 is quadallelic.  Setting rarest alleles to missing.
Note: Variant 267 is triallelic.  Setting rarest alleles to missing.
Note: Variant 269 is triallelic.  Setting rarest alleles to missing.
Note: Variant 271 is triallelic.  Setting rarest alleles to missing.
Note: Variant 274 is triallelic.  Setting rarest alleles to missing.
Note: Variant 275 is triallelic.  Setting rarest alleles to missing.
Note: Variant 276 is triallelic.  Setting rarest alleles to missing.
Note: Variant 277 is triallelic.  Setting rarest alleles to missing.
Note: Variant 280 is triallelic.  Setting rarest alleles to missing.
Note: Variant 281 is triallelic.  Setting rarest alleles to missing.
Note: Variant 282 is triallelic.  Setting rarest alleles to missing.
Note: Variant 283 is triallelic.  Setting rarest alleles to missing.
Note: Variant 284 is triallelic.  Setting rarest alleles to missing.
Note: Variant 285 is triallelic.  Setting rarest alleles to missing.
Note: Variant 289 is triallelic.  Setting rarest alleles to missing.
Note: Variant 291 is triallelic.  Setting rarest alleles to missing.
Note: Variant 292 is triallelic.  Setting rarest alleles to missing.
Note: Variant 293 is triallelic.  Setting rarest alleles to missing.
Note: Variant 294 is triallelic.  Setting rarest alleles to missing.
Note: Variant 295 is triallelic.  Setting rarest alleles to missing.
Note: Variant 296 is triallelic.  Setting rarest alleles to missing.
Note: Variant 299 is triallelic.  Setting rarest alleles to missing.
Note: Variant 300 is triallelic.  Setting rarest alleles to missing.
Note: Variant 303 is triallelic.  Setting rarest alleles to missing.
Note: Variant 304 is triallelic.  Setting rarest alleles to missing.
Note: Variant 305 is triallelic.  Setting rarest alleles to missing.
Note: Variant 307 is triallelic.  Setting rarest alleles to missing.
Note: Variant 308 is triallelic.  Setting rarest alleles to missing.
Note: Variant 309 is triallelic.  Setting rarest alleles to missing.
Note: Variant 310 is triallelic.  Setting rarest alleles to missing.
Note: Variant 313 is triallelic.  Setting rarest alleles to missing.
Note: Variant 314 is triallelic.  Setting rarest alleles to missing.
Note: Variant 315 is triallelic.  Setting rarest alleles to missing.
Note: Variant 316 is triallelic.  Setting rarest alleles to missing.
Note: Variant 317 is triallelic.  Setting rarest alleles to missing.
Note: Variant 318 is triallelic.  Setting rarest alleles to missing.
Note: Variant 319 is quadallelic.  Setting rarest alleles to missing.
Note: Variant 320 is triallelic.  Setting rarest alleles to missing.
Note: Variant 321 is triallelic.  Setting rarest alleles to missing.
Note: Variant 322 is triallelic.  Setting rarest alleles to missing.
Note: Variant 323 is triallelic.  Setting rarest alleles to missing.
Note: Variant 324 is triallelic.  Setting rarest alleles to missing.
Note: Variant 325 is triallelic.  Setting rarest alleles to missing.
Note: Variant 328 is triallelic.  Setting rarest alleles to missing.
Note: Variant 329 is triallelic.  Setting rarest alleles to missing.
Note: Variant 330 is triallelic.  Setting rarest alleles to missing.
Note: Variant 332 is triallelic.  Setting rarest alleles to missing.
Note: Variant 333 is triallelic.  Setting rarest alleles to missing.
Note: Variant 334 is triallelic.  Setting rarest alleles to missing.
Note: Variant 339 is triallelic.  Setting rarest alleles to missing.
Note: Variant 340 is triallelic.  Setting rarest alleles to missing.
Note: Variant 341 is triallelic.  Setting rarest alleles to missing.
Note: Variant 342 is triallelic.  Setting rarest alleles to missing.
Note: Variant 344 is triallelic.  Setting rarest alleles to missing.
Note: Variant 345 is triallelic.  Setting rarest alleles to missing.
Note: Variant 348 is triallelic.  Setting rarest alleles to missing.
Note: Variant 349 is triallelic.  Setting rarest alleles to missing.
Note: Variant 350 is triallelic.  Setting rarest alleles to missing.
Note: Variant 352 is triallelic.  Setting rarest alleles to missing.
Note: Variant 353 is triallelic.  Setting rarest alleles to missing.
Note: Variant 354 is triallelic.  Setting rarest alleles to missing.
Note: Variant 358 is triallelic.  Setting rarest alleles to missing.
Note: Variant 361 is triallelic.  Setting rarest alleles to missing.
Note: Variant 363 is triallelic.  Setting rarest alleles to missing.
Note: Variant 364 is triallelic.  Setting rarest alleles to missing.
Note: Variant 365 is triallelic.  Setting rarest alleles to missing.
Note: Variant 368 is triallelic.  Setting rarest alleles to missing.
Note: Variant 369 is triallelic.  Setting rarest alleles to missing.
Note: Variant 370 is triallelic.  Setting rarest alleles to missing.
Note: Variant 371 is triallelic.  Setting rarest alleles to missing.
Note: Variant 372 is triallelic.  Setting rarest alleles to missing.
Note: Variant 374 is triallelic.  Setting rarest alleles to missing.
Note: Variant 375 is triallelic.  Setting rarest alleles to missing.
Note: Variant 376 is triallelic.  Setting rarest alleles to missing.
Note: Variant 378 is triallelic.  Setting rarest alleles to missing.
Note: Variant 379 is triallelic.  Setting rarest alleles to missing.
Note: Variant 380 is triallelic.  Setting rarest alleles to missing.
Note: Variant 381 is triallelic.  Setting rarest alleles to missing.
Note: Variant 384 is triallelic.  Setting rarest alleles to missing.
Note: Variant 385 is triallelic.  Setting rarest alleles to missing.
Note: Variant 386 is triallelic.  Setting rarest alleles to missing.
Note: Variant 388 is triallelic.  Setting rarest alleles to missing.
Note: Variant 390 is triallelic.  Setting rarest alleles to missing.
Note: Variant 391 is triallelic.  Setting rarest alleles to missing.
Note: Variant 392 is triallelic.  Setting rarest alleles to missing.
Note: Variant 394 is triallelic.  Setting rarest alleles to missing.
Note: Variant 395 is triallelic.  Setting rarest alleles to missing.
Note: Variant 396 is triallelic.  Setting rarest alleles to missing.
Note: Variant 397 is triallelic.  Setting rarest alleles to missing.
Note: Variant 398 is triallelic.  Setting rarest alleles to missing.
Note: Variant 399 is triallelic.  Setting rarest alleles to missing.
Note: Variant 400 is triallelic.  Setting rarest alleles to missing.
Note: Variant 402 is triallelic.  Setting rarest alleles to missing.
Note: Variant 403 is triallelic.  Setting rarest alleles to missing.
Note: Variant 404 is triallelic.  Setting rarest alleles to missing.
Note: Variant 405 is triallelic.  Setting rarest alleles to missing.
Note: Variant 406 is triallelic.  Setting rarest alleles to missing.
Note: Variant 408 is triallelic.  Setting rarest alleles to missing.
Note: Variant 410 is triallelic.  Setting rarest alleles to missing.
Note: Variant 413 is triallelic.  Setting rarest alleles to missing.
Note: Variant 416 is triallelic.  Setting rarest alleles to missing.
Note: Variant 417 is triallelic.  Setting rarest alleles to missing.
Note: Variant 418 is triallelic.  Setting rarest alleles to missing.
Note: Variant 419 is triallelic.  Setting rarest alleles to missing.
Note: Variant 420 is triallelic.  Setting rarest alleles to missing.
Note: Variant 421 is triallelic.  Setting rarest alleles to missing.
Note: Variant 424 is triallelic.  Setting rarest alleles to missing.
Note: Variant 426 is triallelic.  Setting rarest alleles to missing.
Note: Variant 427 is triallelic.  Setting rarest alleles to missing.
Note: Variant 428 is triallelic.  Setting rarest alleles to missing.
Note: Variant 429 is triallelic.  Setting rarest alleles to missing.
Note: Variant 431 is triallelic.  Setting rarest alleles to missing.
Note: Variant 432 is triallelic.  Setting rarest alleles to missing.
Note: Variant 433 is triallelic.  Setting rarest alleles to missing.
Note: Variant 434 is triallelic.  Setting rarest alleles to missing.
Note: Variant 435 is triallelic.  Setting rarest alleles to missing.
Note: Variant 436 is triallelic.  Setting rarest alleles to missing.
Note: Variant 437 is triallelic.  Setting rarest alleles to missing.
Note: Variant 439 is triallelic.  Setting rarest alleles to missing.
Note: Variant 440 is triallelic.  Setting rarest alleles to missing.
Note: Variant 441 is triallelic.  Setting rarest alleles to missing.
Note: Variant 442 is triallelic.  Setting rarest alleles to missing.
Note: Variant 443 is triallelic.  Setting rarest alleles to missing.
Note: Variant 444 is triallelic.  Setting rarest alleles to missing.
Note: Variant 445 is triallelic.  Setting rarest alleles to missing.
Note: Variant 448 is triallelic.  Setting rarest alleles to missing.
Note: Variant 449 is triallelic.  Setting rarest alleles to missing.
Note: Variant 450 is triallelic.  Setting rarest alleles to missing.
Note: Variant 451 is triallelic.  Setting rarest alleles to missing.
Note: Variant 452 is triallelic.  Setting rarest alleles to missing.
Note: Variant 455 is triallelic.  Setting rarest alleles to missing.
Note: Variant 456 is triallelic.  Setting rarest alleles to missing.
Note: Variant 457 is triallelic.  Setting rarest alleles to missing.
Note: Variant 459 is triallelic.  Setting rarest alleles to missing.
Note: Variant 460 is triallelic.  Setting rarest alleles to missing.
Note: Variant 461 is triallelic.  Setting rarest alleles to missing.
Note: Variant 462 is triallelic.  Setting rarest alleles to missing.
Note: Variant 463 is triallelic.  Setting rarest alleles to missing.
Note: Variant 464 is triallelic.  Setting rarest alleles to missing.
Note: Variant 465 is triallelic.  Setting rarest alleles to missing.
Note: Variant 466 is triallelic.  Setting rarest alleles to missing.
Note: Variant 467 is triallelic.  Setting rarest alleles to missing.
Note: Variant 468 is triallelic.  Setting rarest alleles to missing.
Note: Variant 470 is triallelic.  Setting rarest alleles to missing.
Note: Variant 472 is triallelic.  Setting rarest alleles to missing.
Note: Variant 473 is triallelic.  Setting rarest alleles to missing.
Note: Variant 474 is triallelic.  Setting rarest alleles to missing.
Note: Variant 475 is triallelic.  Setting rarest alleles to missing.
Note: Variant 476 is triallelic.  Setting rarest alleles to missing.
Note: Variant 478 is triallelic.  Setting rarest alleles to missing.
Note: Variant 479 is triallelic.  Setting rarest alleles to missing.
Note: Variant 480 is triallelic.  Setting rarest alleles to missing.
Note: Variant 481 is triallelic.  Setting rarest alleles to missing.
Note: Variant 484 is triallelic.  Setting rarest alleles to missing.
Note: Variant 485 is triallelic.  Setting rarest alleles to missing.
Note: Variant 486 is triallelic.  Setting rarest alleles to missing.
Note: Variant 488 is triallelic.  Setting rarest alleles to missing.
Note: Variant 489 is quadallelic.  Setting rarest alleles to missing.
Note: Variant 490 is triallelic.  Setting rarest alleles to missing.
Note: Variant 491 is triallelic.  Setting rarest alleles to missing.
Note: Variant 492 is triallelic.  Setting rarest alleles to missing.
Note: Variant 493 is triallelic.  Setting rarest alleles to missing.
Note: Variant 495 is triallelic.  Setting rarest alleles to missing.
Note: Variant 496 is triallelic.  Setting rarest alleles to missing.
Note: Variant 499 is triallelic.  Setting rarest alleles to missing.
Note: Variant 500 is triallelic.  Setting rarest alleles to missing.
Note: Variant 504 is triallelic.  Setting rarest alleles to missing.
Note: Variant 505 is triallelic.  Setting rarest alleles to missing.
Note: Variant 507 is triallelic.  Setting rarest alleles to missing.
Note: Variant 508 is triallelic.  Setting rarest alleles to missing.
Note: Variant 510 is triallelic.  Setting rarest alleles to missing.
Note: Variant 511 is triallelic.  Setting rarest alleles to missing.
Note: Variant 513 is quadallelic.  Setting rarest alleles to missing.
Note: Variant 514 is triallelic.  Setting rarest alleles to missing.
Note: Variant 515 is triallelic.  Setting rarest alleles to missing.
Note: Variant 516 is triallelic.  Setting rarest alleles to missing.
Note: Variant 518 is triallelic.  Setting rarest alleles to missing.
Note: Variant 519 is triallelic.  Setting rarest alleles to missing.
Note: Variant 520 is triallelic.  Setting rarest alleles to missing.
Note: Variant 521 is triallelic.  Setting rarest alleles to missing.
Note: Variant 522 is triallelic.  Setting rarest alleles to missing.
Note: Variant 523 is triallelic.  Setting rarest alleles to missing.
Note: Variant 525 is triallelic.  Setting rarest alleles to missing.
Note: Variant 527 is triallelic.  Setting rarest alleles to missing.
Note: Variant 528 is triallelic.  Setting rarest alleles to missing.
Note: Variant 529 is triallelic.  Setting rarest alleles to missing.
Note: Variant 530 is triallelic.  Setting rarest alleles to missing.
Note: Variant 531 is triallelic.  Setting rarest alleles to missing.
Note: Variant 532 is triallelic.  Setting rarest alleles to missing.
Note: Variant 533 is triallelic.  Setting rarest alleles to missing.
Note: Variant 535 is triallelic.  Setting rarest alleles to missing.
Note: Variant 536 is triallelic.  Setting rarest alleles to missing.
Note: Variant 537 is triallelic.  Setting rarest alleles to missing.
Note: Variant 539 is triallelic.  Setting rarest alleles to missing.
Note: Variant 542 is triallelic.  Setting rarest alleles to missing.
Note: Variant 544 is triallelic.  Setting rarest alleles to missing.
Note: Variant 545 is triallelic.  Setting rarest alleles to missing.
Note: Variant 547 is triallelic.  Setting rarest alleles to missing.
Note: Variant 550 is triallelic.  Setting rarest alleles to missing.
Note: Variant 551 is triallelic.  Setting rarest alleles to missing.
Note: Variant 552 is triallelic.  Setting rarest alleles to missing.
Note: Variant 554 is triallelic.  Setting rarest alleles to missing.
Note: Variant 555 is triallelic.  Setting rarest alleles to missing.
Note: Variant 556 is triallelic.  Setting rarest alleles to missing.
Note: Variant 557 is triallelic.  Setting rarest alleles to missing.
Note: Variant 558 is triallelic.  Setting rarest alleles to missing.
Note: Variant 560 is triallelic.  Setting rarest alleles to missing.
Note: Variant 561 is triallelic.  Setting rarest alleles to missing.
Note: Variant 562 is triallelic.  Setting rarest alleles to missing.
Note: Variant 563 is triallelic.  Setting rarest alleles to missing.
Note: Variant 564 is triallelic.  Setting rarest alleles to missing.
Note: Variant 566 is triallelic.  Setting rarest alleles to missing.
Note: Variant 567 is triallelic.  Setting rarest alleles to missing.
Note: Variant 569 is triallelic.  Setting rarest alleles to missing.
Note: Variant 570 is triallelic.  Setting rarest alleles to missing.
Note: Variant 572 is triallelic.  Setting rarest alleles to missing.
Note: Variant 573 is triallelic.  Setting rarest alleles to missing.
Note: Variant 574 is triallelic.  Setting rarest alleles to missing.
Note: Variant 575 is triallelic.  Setting rarest alleles to missing.
Note: Variant 577 is triallelic.  Setting rarest alleles to missing.
Note: Variant 578 is triallelic.  Setting rarest alleles to missing.
Note: Variant 580 is triallelic.  Setting rarest alleles to missing.
Note: Variant 581 is triallelic.  Setting rarest alleles to missing.
Note: Variant 582 is triallelic.  Setting rarest alleles to missing.
Note: Variant 583 is triallelic.  Setting rarest alleles to missing.
Note: Variant 584 is triallelic.  Setting rarest alleles to missing.
Note: Variant 585 is triallelic.  Setting rarest alleles to missing.
Note: Variant 586 is triallelic.  Setting rarest alleles to missing.
Note: Variant 588 is triallelic.  Setting rarest alleles to missing.
Note: Variant 590 is triallelic.  Setting rarest alleles to missing.
Note: Variant 591 is triallelic.  Setting rarest alleles to missing.
Note: Variant 592 is triallelic.  Setting rarest alleles to missing.
Note: Variant 593 is triallelic.  Setting rarest alleles to missing.
Note: Variant 594 is triallelic.  Setting rarest alleles to missing.
Note: Variant 595 is triallelic.  Setting rarest alleles to missing.
Note: Variant 599 is triallelic.  Setting rarest alleles to missing.
Note: Variant 600 is triallelic.  Setting rarest alleles to missing.
Note: Variant 601 is triallelic.  Setting rarest alleles to missing.
Note: Variant 602 is triallelic.  Setting rarest alleles to missing.
Note: Variant 603 is triallelic.  Setting rarest alleles to missing.
Note: Variant 604 is triallelic.  Setting rarest alleles to missing.
Note: Variant 605 is triallelic.  Setting rarest alleles to missing.
Note: Variant 608 is triallelic.  Setting rarest alleles to missing.
Note: Variant 609 is triallelic.  Setting rarest alleles to missing.
Note: Variant 614 is triallelic.  Setting rarest alleles to missing.
Note: Variant 615 is triallelic.  Setting rarest alleles to missing.
Note: Variant 616 is triallelic.  Setting rarest alleles to missing.
Note: Variant 617 is triallelic.  Setting rarest alleles to missing.
Note: Variant 618 is triallelic.  Setting rarest alleles to missing.
Note: Variant 619 is triallelic.  Setting rarest alleles to missing.
Note: Variant 620 is triallelic.  Setting rarest alleles to missing.
Note: Variant 622 is triallelic.  Setting rarest alleles to missing.
Note: Variant 623 is triallelic.  Setting rarest alleles to missing.
Note: Variant 624 is triallelic.  Setting rarest alleles to missing.
Note: Variant 625 is triallelic.  Setting rarest alleles to missing.
Note: Variant 626 is triallelic.  Setting rarest alleles to missing.
Note: Variant 627 is triallelic.  Setting rarest alleles to missing.
Note: Variant 629 is triallelic.  Setting rarest alleles to missing.
Note: Variant 630 is triallelic.  Setting rarest alleles to missing.
Note: Variant 631 is triallelic.  Setting rarest alleles to missing.
Note: Variant 632 is quadallelic.  Setting rarest alleles to missing.
Note: Variant 634 is triallelic.  Setting rarest alleles to missing.
Note: Variant 635 is triallelic.  Setting rarest alleles to missing.
Note: Variant 637 is triallelic.  Setting rarest alleles to missing.
Note: Variant 639 is triallelic.  Setting rarest alleles to missing.
Note: Variant 640 is triallelic.  Setting rarest alleles to missing.
Note: Variant 641 is triallelic.  Setting rarest alleles to missing.
Note: Variant 642 is triallelic.  Setting rarest alleles to missing.
Note: Variant 643 is triallelic.  Setting rarest alleles to missing.
Note: Variant 645 is triallelic.  Setting rarest alleles to missing.
Note: Variant 646 is quadallelic.  Setting rarest alleles to missing.
Note: Variant 647 is triallelic.  Setting rarest alleles to missing.
Note: Variant 648 is quadallelic.  Setting rarest alleles to missing.
Note: Variant 649 is triallelic.  Setting rarest alleles to missing.
Note: Variant 652 is triallelic.  Setting rarest alleles to missing.
Note: Variant 653 is triallelic.  Setting rarest alleles to missing.
Note: Variant 654 is triallelic.  Setting rarest alleles to missing.
Note: Variant 655 is triallelic.  Setting rarest alleles to missing.
Note: Variant 656 is triallelic.  Setting rarest alleles to missing.
Note: Variant 657 is triallelic.  Setting rarest alleles to missing.
Note: Variant 658 is triallelic.  Setting rarest alleles to missing.
Note: Variant 659 is triallelic.  Setting rarest alleles to missing.
Note: Variant 661 is triallelic.  Setting rarest alleles to missing.
Note: Variant 663 is triallelic.  Setting rarest alleles to missing.
Note: Variant 664 is triallelic.  Setting rarest alleles to missing.
Note: Variant 665 is triallelic.  Setting rarest alleles to missing.
Note: Variant 666 is triallelic.  Setting rarest alleles to missing.
Note: Variant 667 is triallelic.  Setting rarest alleles to missing.
Note: Variant 671 is triallelic.  Setting rarest alleles to missing.
Note: Variant 672 is triallelic.  Setting rarest alleles to missing.
Note: Variant 673 is triallelic.  Setting rarest alleles to missing.
Note: Variant 674 is triallelic.  Setting rarest alleles to missing.
Note: Variant 675 is triallelic.  Setting rarest alleles to missing.
Note: Variant 677 is triallelic.  Setting rarest alleles to missing.
Note: Variant 678 is triallelic.  Setting rarest alleles to missing.
Note: Variant 679 is triallelic.  Setting rarest alleles to missing.
Note: Variant 680 is triallelic.  Setting rarest alleles to missing.
Note: Variant 681 is triallelic.  Setting rarest alleles to missing.
Note: Variant 682 is triallelic.  Setting rarest alleles to missing.
Note: Variant 683 is triallelic.  Setting rarest alleles to missing.
Note: Variant 684 is triallelic.  Setting rarest alleles to missing.
Note: Variant 686 is triallelic.  Setting rarest alleles to missing.
Note: Variant 688 is triallelic.  Setting rarest alleles to missing.
Note: Variant 690 is triallelic.  Setting rarest alleles to missing.
Note: Variant 691 is triallelic.  Setting rarest alleles to missing.
Note: Variant 692 is triallelic.  Setting rarest alleles to missing.
Note: Variant 693 is triallelic.  Setting rarest alleles to missing.
Note: Variant 694 is triallelic.  Setting rarest alleles to missing.
Note: Variant 695 is triallelic.  Setting rarest alleles to missing.
Note: Variant 696 is triallelic.  Setting rarest alleles to missing.
Note: Variant 698 is triallelic.  Setting rarest alleles to missing.
Note: Variant 699 is triallelic.  Setting rarest alleles to missing.
Note: Variant 700 is triallelic.  Setting rarest alleles to missing.
Note: Variant 701 is triallelic.  Setting rarest alleles to missing.
Note: Variant 702 is triallelic.  Setting rarest alleles to missing.
Note: Variant 705 is triallelic.  Setting rarest alleles to missing.
Note: Variant 706 is triallelic.  Setting rarest alleles to missing.
Note: Variant 708 is triallelic.  Setting rarest alleles to missing.
Note: Variant 710 is triallelic.  Setting rarest alleles to missing.
Note: Variant 711 is triallelic.  Setting rarest alleles to missing.
Note: Variant 712 is triallelic.  Setting rarest alleles to missing.
Note: Variant 713 is triallelic.  Setting rarest alleles to missing.
Note: Variant 714 is triallelic.  Setting rarest alleles to missing.
Note: Variant 715 is triallelic.  Setting rarest alleles to missing.
Note: Variant 716 is triallelic.  Setting rarest alleles to missing.
Note: Variant 717 is triallelic.  Setting rarest alleles to missing.
Note: Variant 718 is triallelic.  Setting rarest alleles to missing.
Note: Variant 719 is triallelic.  Setting rarest alleles to missing.
Note: Variant 720 is triallelic.  Setting rarest alleles to missing.
Note: Variant 721 is triallelic.  Setting rarest alleles to missing.
Note: Variant 722 is triallelic.  Setting rarest alleles to missing.
Note: Variant 723 is triallelic.  Setting rarest alleles to missing.
Note: Variant 724 is triallelic.  Setting rarest alleles to missing.
Note: Variant 725 is triallelic.  Setting rarest alleles to missing.
Note: Variant 726 is triallelic.  Setting rarest alleles to missing.
Note: Variant 727 is triallelic.  Setting rarest alleles to missing.
Note: Variant 728 is triallelic.  Setting rarest alleles to missing.
Note: Variant 729 is triallelic.  Setting rarest alleles to missing.
Note: Variant 730 is triallelic.  Setting rarest alleles to missing.
Note: Variant 731 is triallelic.  Setting rarest alleles to missing.
Note: Variant 732 is triallelic.  Setting rarest alleles to missing.
Note: Variant 733 is triallelic.  Setting rarest alleles to missing.
Note: Variant 734 is quadallelic.  Setting rarest alleles to missing.
Note: Variant 735 is triallelic.  Setting rarest alleles to missing.
Note: Variant 736 is quadallelic.  Setting rarest alleles to missing.
Note: Variant 737 is triallelic.  Setting rarest alleles to missing.
Note: Variant 738 is triallelic.  Setting rarest alleles to missing.
Note: Variant 739 is triallelic.  Setting rarest alleles to missing.
Note: Variant 740 is triallelic.  Setting rarest alleles to missing.
Note: Variant 742 is triallelic.  Setting rarest alleles to missing.
Note: Variant 745 is triallelic.  Setting rarest alleles to missing.
Note: Variant 746 is triallelic.  Setting rarest alleles to missing.
Note: Variant 747 is triallelic.  Setting rarest alleles to missing.
Note: Variant 752 is triallelic.  Setting rarest alleles to missing.
Note: Variant 753 is triallelic.  Setting rarest alleles to missing.
Note: Variant 754 is triallelic.  Setting rarest alleles to missing.
Note: Variant 757 is triallelic.  Setting rarest alleles to missing.
Note: Variant 758 is quadallelic.  Setting rarest alleles to missing.
Note: Variant 760 is triallelic.  Setting rarest alleles to missing.
Note: Variant 761 is triallelic.  Setting rarest alleles to missing.
Note: Variant 762 is triallelic.  Setting rarest alleles to missing.
Note: Variant 764 is triallelic.  Setting rarest alleles to missing.
Note: Variant 767 is triallelic.  Setting rarest alleles to missing.
Note: Variant 768 is triallelic.  Setting rarest alleles to missing.
Note: Variant 769 is triallelic.  Setting rarest alleles to missing.
Note: Variant 770 is triallelic.  Setting rarest alleles to missing.
Note: Variant 771 is triallelic.  Setting rarest alleles to missing.
Note: Variant 772 is triallelic.  Setting rarest alleles to missing.
Note: Variant 773 is triallelic.  Setting rarest alleles to missing.
Note: Variant 774 is triallelic.  Setting rarest alleles to missing.
Note: Variant 775 is triallelic.  Setting rarest alleles to missing.
Note: Variant 776 is triallelic.  Setting rarest alleles to missing.
Note: Variant 778 is triallelic.  Setting rarest alleles to missing.
Note: Variant 780 is triallelic.  Setting rarest alleles to missing.
Note: Variant 781 is quadallelic.  Setting rarest alleles to missing.
Note: Variant 783 is triallelic.  Setting rarest alleles to missing.
Note: Variant 784 is quadallelic.  Setting rarest alleles to missing.
Note: Variant 785 is triallelic.  Setting rarest alleles to missing.
Note: Variant 786 is triallelic.  Setting rarest alleles to missing.
Note: Variant 787 is triallelic.  Setting rarest alleles to missing.
Note: Variant 788 is triallelic.  Setting rarest alleles to missing.
Note: Variant 790 is triallelic.  Setting rarest alleles to missing.
Note: Variant 792 is triallelic.  Setting rarest alleles to missing.
Note: Variant 793 is triallelic.  Setting rarest alleles to missing.
Note: Variant 794 is triallelic.  Setting rarest alleles to missing.
Note: Variant 796 is triallelic.  Setting rarest alleles to missing.
Johns_height_text-temporary.bed + Johns_height_text-temporary.bim +
Johns_height_text-temporary.fam written.
800 variants loaded from .bim file.
58 people (0 males, 0 females, 58 ambiguous) loaded from .fam.
Ambiguous sex IDs written to Johns_height_text.nosex .
Using 1 thread (no multithreaded calculations invoked.
Before main variant filters, 58 founders and 0 nonfounders present.
Calculating allele frequencies... done.
Total genotyping rate is 0.979224.
800 variants and 58 people pass filters and QC.
Note: No phenotypes present.
--recode to Johns_height_text.ped + Johns_height_text.map ... done.

End time: Thu Nov 10 11:56:35 2016
