PLINK v1.90b3.27 64-bit (13 Dec 2015)
Options in effect:
  --file gbr.plink/all.gbr.height.snps
  --freq

Hostname: ebc201
Working directory: /mmg/awwohns/height
Start time: Sat Aug 19 18:10:39 2017

Random number seed: 1503155439
257661 MB RAM detected; reserving 128830 MB for main workspace.
Scanning .ped file... done.
Performing single-pass .bed write (691 variants, 91 people).
--file: plink-temporary.bed + plink-temporary.bim + plink-temporary.fam
written.
691 variants loaded from .bim file.
91 people (0 males, 0 females, 91 ambiguous) loaded from .fam.
Ambiguous sex IDs written to plink.nosex .
Using 1 thread (no multithreaded calculations invoked.
Before main variant filters, 91 founders and 0 nonfounders present.
Calculating allele frequencies... done.
--freq: Allele frequencies (founders only) written to plink.frq .

End time: Sat Aug 19 18:10:39 2017
