PLINK v1.90b3.27 64-bit (13 Dec 2015)
Options in effect:
  --a1-allele height_snp_ref
  --bfile johns.height.snps.plink/johns.height.nolowcov5percent
  --freq
  --out johns.height.snps.plink/johns.height.nolowcov5percent.freqs

Hostname: ebc201
Working directory: /mmg/awwohns/height
Start time: Wed Aug 23 16:45:47 2017

Random number seed: 1503495947
257661 MB RAM detected; reserving 128830 MB for main workspace.
696 variants loaded from .bim file.
32 people (0 males, 0 females, 32 ambiguous) loaded from .fam.
Ambiguous sex IDs written to
johns.height.snps.plink/johns.height.nolowcov5percent.freqs.nosex .
Using 1 thread (no multithreaded calculations invoked.
Before main variant filters, 32 founders and 0 nonfounders present.
Calculating allele frequencies... done.
Total genotyping rate is 0.956582.
Warning: Impossible A1 allele assignment for variant rs425277.
Warning: Impossible A1 allele assignment for variant rs9434723.
Warning: Impossible A1 allele assignment for variant rs12137162.
Warning: Impossible A1 allele assignment for variant rs212524.
Warning: Impossible A1 allele assignment for variant rs2806561.
Warning: Impossible A1 allele assignment for variant rs17163588.
Warning: Impossible A1 allele assignment for variant rs12119525.
Warning: Impossible A1 allele assignment for variant rs16834765.
Warning: Impossible A1 allele assignment for variant rs3014219.
Warning: Impossible A1 allele assignment for variant rs12855.
Warning: Impossible A1 allele assignment for variant rs17387330.
Warning: Impossible A1 allele assignment for variant rs2815379.
Warning: Impossible A1 allele assignment for variant rs12731056.
Warning: Impossible A1 allele assignment for variant rs17391694.
Warning: Impossible A1 allele assignment for variant rs567401.
Warning: Impossible A1 allele assignment for variant rs2046158.
Warning: Impossible A1 allele assignment for variant rs2811594.
Warning: Impossible A1 allele assignment for variant rs12120956.
Warning: Impossible A1 allele assignment for variant rs1321666.
Warning: Impossible A1 allele assignment for variant rs9428104.
Warning: Impossible A1 allele assignment for variant rs6658763.
Warning: Impossible A1 allele assignment for variant rs956796.
Warning: Impossible A1 allele assignment for variant rs2298265.
Warning: Impossible A1 allele assignment for variant rs4656220.
Warning: Impossible A1 allele assignment for variant rs6694089.
Warning: Impossible A1 allele assignment for variant rs12125882.
Warning: Impossible A1 allele assignment for variant rs2421992.
Warning: Impossible A1 allele assignment for variant rs17369123.
Warning: Impossible A1 allele assignment for variant rs4652773.
Warning: Impossible A1 allele assignment for variant rs2275325.
Warning: Impossible A1 allele assignment for variant rs10863936.
Warning: Impossible A1 allele assignment for variant rs4428898.
Warning: Impossible A1 allele assignment for variant rs1935157.
Warning: Impossible A1 allele assignment for variant rs1544196.
Warning: Impossible A1 allele assignment for variant rs6696239.
Warning: Impossible A1 allele assignment for variant rs11799609.
Warning: Impossible A1 allele assignment for variant rs17038954.
Warning: Impossible A1 allele assignment for variant rs10048625.
Warning: Impossible A1 allele assignment for variant rs2345835.
Warning: Impossible A1 allele assignment for variant rs13006748.
Warning: Impossible A1 allele assignment for variant rs7561273.
Warning: Impossible A1 allele assignment for variant rs2278483.
Warning: Impossible A1 allele assignment for variant rs2289195.
Warning: Impossible A1 allele assignment for variant rs7605699.
Warning: Impossible A1 allele assignment for variant rs6714546.
Warning: Impossible A1 allele assignment for variant rs711245.
Warning: Impossible A1 allele assignment for variant rs6544089.
Warning: Impossible A1 allele assignment for variant rs17032525.
Warning: Impossible A1 allele assignment for variant rs12474201.
Warning: Impossible A1 allele assignment for variant rs354196.
Warning: Impossible A1 allele assignment for variant rs1367226.
Warning: Impossible A1 allele assignment for variant rs3791673.
Warning: Impossible A1 allele assignment for variant rs2120335.
Warning: Impossible A1 allele assignment for variant rs13388725.
Warning: Impossible A1 allele assignment for variant rs2166898.
Warning: Impossible A1 allele assignment for variant rs4953951.
Warning: Impossible A1 allele assignment for variant rs749234.
Warning: Impossible A1 allele assignment for variant rs540652.
Warning: Impossible A1 allele assignment for variant rs12987566.
Warning: Impossible A1 allele assignment for variant rs6746356.
Warning: Impossible A1 allele assignment for variant rs7567851.
Warning: Impossible A1 allele assignment for variant rs12329133.
Warning: Impossible A1 allele assignment for variant rs17181956.
Warning: Impossible A1 allele assignment for variant rs16859517.
Warning: Impossible A1 allele assignment for variant rs12621643.
Warning: Impossible A1 allele assignment for variant rs6733349.
Warning: Impossible A1 allele assignment for variant rs4973429.
Warning: Impossible A1 allele assignment for variant rs3116168.
Warning: Impossible A1 allele assignment for variant rs13393800.
Warning: Impossible A1 allele assignment for variant rs2596831.
Warning: Impossible A1 allele assignment for variant rs2597513.
Warning: Impossible A1 allele assignment for variant rs11708412.
Warning: Impossible A1 allele assignment for variant rs9816693.
Warning: Impossible A1 allele assignment for variant rs4256170.
Warning: Impossible A1 allele assignment for variant rs2034172.
Warning: Impossible A1 allele assignment for variant rs9835332.
Warning: Impossible A1 allele assignment for variant rs6794009.
Warning: Impossible A1 allele assignment for variant rs12330322.
Warning: Impossible A1 allele assignment for variant rs7633464.
Warning: Impossible A1 allele assignment for variant rs1533269.
Warning: Impossible A1 allele assignment for variant rs4974480.
Warning: Impossible A1 allele assignment for variant rs6762606.
Warning: Impossible A1 allele assignment for variant rs9880211.
Warning: Impossible A1 allele assignment for variant rs724016.
Warning: Impossible A1 allele assignment for variant rs936339.
Warning: Impossible A1 allele assignment for variant rs4325879.
Warning: Impossible A1 allele assignment for variant rs6441170.
Warning: Impossible A1 allele assignment for variant rs509035.
Warning: Impossible A1 allele assignment for variant rs16860216.
Warning: Impossible A1 allele assignment for variant rs720390.
Warning: Impossible A1 allele assignment for variant rs3958122.
Warning: Impossible A1 allele assignment for variant rs11722554.
Warning: Impossible A1 allele assignment for variant rs868489.
Warning: Impossible A1 allele assignment for variant rs763318.
Warning: Impossible A1 allele assignment for variant rs4834927.
Warning: Impossible A1 allele assignment for variant rs961014.
Warning: Impossible A1 allele assignment for variant rs16994718.
Warning: Impossible A1 allele assignment for variant rs2306596.
Warning: Impossible A1 allele assignment for variant rs17081935.
Warning: Impossible A1 allele assignment for variant rs6813055.
Warning: Impossible A1 allele assignment for variant rs11100790.
Warning: Impossible A1 allele assignment for variant rs7654571.
Warning: Impossible A1 allele assignment for variant rs6845999.
Warning: Impossible A1 allele assignment for variant rs1812175.
Warning: Impossible A1 allele assignment for variant rs17777628.
Warning: Impossible A1 allele assignment for variant rs13150868.
Warning: Impossible A1 allele assignment for variant rs955748.
Warning: Impossible A1 allele assignment for variant rs17410035.
Warning: Impossible A1 allele assignment for variant rs7731703.
Warning: Impossible A1 allele assignment for variant rs11745439.
Warning: Impossible A1 allele assignment for variant rs3812040.
Warning: Impossible A1 allele assignment for variant rs2961830.
Warning: Impossible A1 allele assignment for variant rs2662027.
Warning: Impossible A1 allele assignment for variant rs7727731.
Warning: Impossible A1 allele assignment for variant rs10059761.
Warning: Impossible A1 allele assignment for variant rs7712162.
Warning: Impossible A1 allele assignment for variant rs13177718.
Warning: Impossible A1 allele assignment for variant rs1582931.
Warning: Impossible A1 allele assignment for variant rs6887276.
Warning: Impossible A1 allele assignment for variant rs39623.
Warning: Impossible A1 allele assignment for variant rs9327705.
Warning: Impossible A1 allele assignment for variant rs2974438.
Warning: Impossible A1 allele assignment for variant rs1529701.
Warning: Impossible A1 allele assignment for variant rs12153391.
Warning: Impossible A1 allele assignment for variant rs4868126.
Warning: Impossible A1 allele assignment for variant rs17075869.
Warning: Impossible A1 allele assignment for variant rs422421.
Warning: Impossible A1 allele assignment for variant rs11750568.
Warning: Impossible A1 allele assignment for variant rs6879260.
Warning: Impossible A1 allele assignment for variant rs932445.
Warning: Impossible A1 allele assignment for variant rs4246079.
Warning: Impossible A1 allele assignment for variant rs17603945.
Warning: Impossible A1 allele assignment for variant rs9328445.
Warning: Impossible A1 allele assignment for variant rs1047014.
Warning: Impossible A1 allele assignment for variant rs1265097.
Warning: Impossible A1 allele assignment for variant rs2857693.
Warning: Impossible A1 allele assignment for variant rs3800461.
Warning: Impossible A1 allele assignment for variant rs6899744.
Warning: Impossible A1 allele assignment for variant rs1040941.
Warning: Impossible A1 allele assignment for variant rs9395264.
Warning: Impossible A1 allele assignment for variant rs12190423.
Warning: Impossible A1 allele assignment for variant rs12209223.
Warning: Impossible A1 allele assignment for variant rs6903448.
Warning: Impossible A1 allele assignment for variant rs310421.
Warning: Impossible A1 allele assignment for variant rs3828760.
Warning: Impossible A1 allele assignment for variant rs479744.
Warning: Impossible A1 allele assignment for variant rs6920372.
Warning: Impossible A1 allele assignment for variant rs1405212.
Warning: Impossible A1 allele assignment for variant rs389663.
Warning: Impossible A1 allele assignment for variant rs4895801.
Warning: Impossible A1 allele assignment for variant rs1415701.
Warning: Impossible A1 allele assignment for variant rs7743622.
Warning: Impossible A1 allele assignment for variant rs7745166.
Warning: Impossible A1 allele assignment for variant rs4896582.
Warning: Impossible A1 allele assignment for variant rs6911389.
Warning: Impossible A1 allele assignment for variant rs2748483.
Warning: Impossible A1 allele assignment for variant rs6902771.
Warning: Impossible A1 allele assignment for variant rs3020418.
Warning: Impossible A1 allele assignment for variant rs11156098.
Warning: Impossible A1 allele assignment for variant rs1832871.
Warning: Impossible A1 allele assignment for variant rs9456307.
Warning: Impossible A1 allele assignment for variant rs486359.
Warning: Impossible A1 allele assignment for variant rs991946.
Warning: Impossible A1 allele assignment for variant rs2763273.
Warning: Impossible A1 allele assignment for variant rs7774834.
Warning: Impossible A1 allele assignment for variant rs4725061.
Warning: Impossible A1 allele assignment for variant rs929637.
Warning: Impossible A1 allele assignment for variant rs17140875.
Warning: Impossible A1 allele assignment for variant rs2390151.
Warning: Impossible A1 allele assignment for variant rs3807931.
Warning: Impossible A1 allele assignment for variant rs7782764.
Warning: Impossible A1 allele assignment for variant rs1055144.
Warning: Impossible A1 allele assignment for variant rs552707.
Warning: Impossible A1 allele assignment for variant rs12533079.
Warning: Impossible A1 allele assignment for variant rs6949739.
Warning: Impossible A1 allele assignment for variant rs1113765.
Warning: Impossible A1 allele assignment for variant rs12669267.
Warning: Impossible A1 allele assignment for variant rs2888877.
Warning: Impossible A1 allele assignment for variant rs42039.
Warning: Impossible A1 allele assignment for variant rs2188177.
Warning: Impossible A1 allele assignment for variant rs17250196.
Warning: Impossible A1 allele assignment for variant rs6952113.
Warning: Impossible A1 allele assignment for variant rs6955948.
Warning: Impossible A1 allele assignment for variant rs4875421.
Warning: Impossible A1 allele assignment for variant rs429433.
Warning: Impossible A1 allele assignment for variant rs7834383.
Warning: Impossible A1 allele assignment for variant rs4273857.
Warning: Impossible A1 allele assignment for variant rs568610.
Warning: Impossible A1 allele assignment for variant rs6999671.
Warning: Impossible A1 allele assignment for variant rs9650315.
Warning: Impossible A1 allele assignment for variant rs2956605.
Warning: Impossible A1 allele assignment for variant rs16939034.
Warning: Impossible A1 allele assignment for variant rs7007200.
Warning: Impossible A1 allele assignment for variant rs2737220.
Warning: Impossible A1 allele assignment for variant rs1550162.
Warning: Impossible A1 allele assignment for variant rs1599473.
Warning: Impossible A1 allele assignment for variant rs10283100.
Warning: Impossible A1 allele assignment for variant rs11779459.
Warning: Impossible A1 allele assignment for variant rs894343.
Warning: Impossible A1 allele assignment for variant rs1036821.
Warning: Impossible A1 allele assignment for variant rs6577717.
Warning: Impossible A1 allele assignment for variant rs11783655.
Warning: Impossible A1 allele assignment for variant rs7033940.
Warning: Impossible A1 allele assignment for variant rs1576900.
Warning: Impossible A1 allele assignment for variant rs10972628.
Warning: Impossible A1 allele assignment for variant rs11144688.
Warning: Impossible A1 allele assignment for variant rs958225.
Warning: Impossible A1 allele assignment for variant rs181338.
Warning: Impossible A1 allele assignment for variant rs10780910.
Warning: Impossible A1 allele assignment for variant rs1571892.
Warning: Impossible A1 allele assignment for variant rs7043114.
Warning: Impossible A1 allele assignment for variant rs1257763.
Warning: Impossible A1 allele assignment for variant rs12347744.
Warning: Impossible A1 allele assignment for variant rs1329393.
Warning: Impossible A1 allele assignment for variant rs817300.
Warning: Impossible A1 allele assignment for variant rs10990303.
Warning: Impossible A1 allele assignment for variant rs953199.
Warning: Impossible A1 allele assignment for variant rs10820814.
Warning: Impossible A1 allele assignment for variant rs902143.
Warning: Impossible A1 allele assignment for variant rs7027110.
Warning: Impossible A1 allele assignment for variant rs3739707.
Warning: Impossible A1 allele assignment for variant rs10119624.
Warning: Impossible A1 allele assignment for variant rs12344396.
Warning: Impossible A1 allele assignment for variant rs10817960.
Warning: Impossible A1 allele assignment for variant rs3132297.
Warning: Impossible A1 allele assignment for variant rs7849585.
Warning: Impossible A1 allele assignment for variant rs12779328.
Warning: Impossible A1 allele assignment for variant rs4350272.
Warning: Impossible A1 allele assignment for variant rs1171615.
Warning: Impossible A1 allele assignment for variant rs10997979.
Warning: Impossible A1 allele assignment for variant rs4746769.
Warning: Impossible A1 allele assignment for variant rs915506.
Warning: Impossible A1 allele assignment for variant rs11599750.
Warning: Impossible A1 allele assignment for variant rs7899004.
Warning: Impossible A1 allele assignment for variant rs6584575.
Warning: Impossible A1 allele assignment for variant rs11198820.
Warning: Impossible A1 allele assignment for variant rs291979.
Warning: Impossible A1 allele assignment for variant rs11245515.
Warning: Impossible A1 allele assignment for variant rs11244750.
Warning: Impossible A1 allele assignment for variant rs2272566.
Warning: Impossible A1 allele assignment for variant rs2735469.
Warning: Impossible A1 allele assignment for variant rs17659078.
Warning: Impossible A1 allele assignment for variant rs2237886.
Warning: Impossible A1 allele assignment for variant rs6485978.
Warning: Impossible A1 allele assignment for variant rs2099745.
Warning: Impossible A1 allele assignment for variant rs7126398.
Warning: Impossible A1 allele assignment for variant rs2915404.
Warning: Impossible A1 allele assignment for variant rs757081.
Warning: Impossible A1 allele assignment for variant rs1681630.
Warning: Impossible A1 allele assignment for variant rs3782089.
Warning: Impossible A1 allele assignment for variant rs7112925.
Warning: Impossible A1 allele assignment for variant rs4357716.
Warning: Impossible A1 allele assignment for variant rs11236294.
Warning: Impossible A1 allele assignment for variant rs606452.
Warning: Impossible A1 allele assignment for variant rs632124.
Warning: Impossible A1 allele assignment for variant rs11221442.
Warning: Impossible A1 allele assignment for variant rs11612228.
Warning: Impossible A1 allele assignment for variant rs7299326.
Warning: Impossible A1 allele assignment for variant rs12228415.
Warning: Impossible A1 allele assignment for variant rs10770705.
Warning: Impossible A1 allele assignment for variant rs11047239.
Warning: Impossible A1 allele assignment for variant rs1861908.
Warning: Impossible A1 allele assignment for variant rs10492364.
Warning: Impossible A1 allele assignment for variant rs11049611.
Warning: Impossible A1 allele assignment for variant rs12820411.
Warning: Impossible A1 allele assignment for variant rs10880969.
Warning: Impossible A1 allele assignment for variant rs11175992.
Warning: Impossible A1 allele assignment for variant rs10748128.
Warning: Impossible A1 allele assignment for variant rs17783015.
Warning: Impossible A1 allele assignment for variant rs11107062.
Warning: Impossible A1 allele assignment for variant rs7971536.
Warning: Impossible A1 allele assignment for variant rs497273.
Warning: Impossible A1 allele assignment for variant rs7980687.
Warning: Impossible A1 allele assignment for variant rs11057552.
Warning: Impossible A1 allele assignment for variant rs1199734.
Warning: Impossible A1 allele assignment for variant rs11618507.
Warning: Impossible A1 allele assignment for variant rs12323101.
Warning: Impossible A1 allele assignment for variant rs12863103.
Warning: Impossible A1 allele assignment for variant rs7334755.
Warning: Impossible A1 allele assignment for variant rs2687950.
Warning: Impossible A1 allele assignment for variant rs3118905.
Warning: Impossible A1 allele assignment for variant rs4883972.
Warning: Impossible A1 allele assignment for variant rs3818416.
Warning: Impossible A1 allele assignment for variant rs11616380.
Warning: Impossible A1 allele assignment for variant rs6563199.
Warning: Impossible A1 allele assignment for variant rs7319045.
Warning: Impossible A1 allele assignment for variant rs7985356.
Warning: Impossible A1 allele assignment for variant rs1950500.
Warning: Impossible A1 allele assignment for variant rs12435366.
Warning: Impossible A1 allele assignment for variant rs10131337.
Warning: Impossible A1 allele assignment for variant rs8006657.
Warning: Impossible A1 allele assignment for variant rs2093210.
Warning: Impossible A1 allele assignment for variant rs2781373.
Warning: Impossible A1 allele assignment for variant rs2058092.
Warning: Impossible A1 allele assignment for variant rs862034.
Warning: Impossible A1 allele assignment for variant rs12882130.
Warning: Impossible A1 allele assignment for variant rs316618.
Warning: Impossible A1 allele assignment for variant rs10744956.
Warning: Impossible A1 allele assignment for variant rs16964211.
Warning: Impossible A1 allele assignment for variant rs782930.
Warning: Impossible A1 allele assignment for variant rs7162825.
Warning: Impossible A1 allele assignment for variant rs731874.
Warning: Impossible A1 allele assignment for variant rs975210.
Warning: Impossible A1 allele assignment for variant rs11634405.
Warning: Impossible A1 allele assignment for variant rs12904334.
Warning: Impossible A1 allele assignment for variant rs4337252.
Warning: Impossible A1 allele assignment for variant rs7162542.
Warning: Impossible A1 allele assignment for variant rs1348002.
Warning: Impossible A1 allele assignment for variant rs11633371.
Warning: Impossible A1 allele assignment for variant rs16942341.
Warning: Impossible A1 allele assignment for variant rs2238300.
Warning: Impossible A1 allele assignment for variant rs4548838.
Warning: Impossible A1 allele assignment for variant rs7170986.
Warning: Impossible A1 allele assignment for variant rs8042424.
Warning: Impossible A1 allele assignment for variant rs12597498.
Warning: Impossible A1 allele assignment for variant rs12926008.
Warning: Impossible A1 allele assignment for variant rs2531992.
Warning: Impossible A1 allele assignment for variant rs960006.
Warning: Impossible A1 allele assignment for variant rs1659127.
Warning: Impossible A1 allele assignment for variant rs11642612.
Warning: Impossible A1 allele assignment for variant rs9929889.
Warning: Impossible A1 allele assignment for variant rs8058684.
Warning: Impossible A1 allele assignment for variant rs217181.
Warning: Impossible A1 allele assignment for variant rs4243206.
Warning: Impossible A1 allele assignment for variant rs6420435.
Warning: Impossible A1 allele assignment for variant rs2326458.
Warning: Impossible A1 allele assignment for variant rs300039.
Warning: Impossible A1 allele assignment for variant rs870183.
Warning: Impossible A1 allele assignment for variant rs9217.
Warning: Impossible A1 allele assignment for variant rs8073177.
Warning: Impossible A1 allele assignment for variant rs1625895.
Warning: Impossible A1 allele assignment for variant rs8067165.
Warning: Impossible A1 allele assignment for variant rs3809790.
Warning: Impossible A1 allele assignment for variant rs9889755.
Warning: Impossible A1 allele assignment for variant rs3760318.
Warning: Impossible A1 allele assignment for variant rs4986172.
Warning: Impossible A1 allele assignment for variant rs8073371.
Warning: Impossible A1 allele assignment for variant rs6504389.
Warning: Impossible A1 allele assignment for variant rs318095.
Warning: Impossible A1 allele assignment for variant rs2072153.
Warning: Impossible A1 allele assignment for variant rs4605213.
Warning: Impossible A1 allele assignment for variant rs227724.
Warning: Impossible A1 allele assignment for variant rs1401795.
Warning: Impossible A1 allele assignment for variant rs2079795.
Warning: Impossible A1 allele assignment for variant rs2378870.
Warning: Impossible A1 allele assignment for variant rs2044124.
Warning: Impossible A1 allele assignment for variant rs2070776.
Warning: Impossible A1 allele assignment for variant rs2072268.
Warning: Impossible A1 allele assignment for variant rs10083886.
Warning: Impossible A1 allele assignment for variant rs2117563.
Warning: Impossible A1 allele assignment for variant rs1478610.
Warning: Impossible A1 allele assignment for variant rs888403.
Warning: Impossible A1 allele assignment for variant rs14062.
Warning: Impossible A1 allele assignment for variant rs4369779.
Warning: Impossible A1 allele assignment for variant rs12458127.
Warning: Impossible A1 allele assignment for variant rs9967417.
Warning: Impossible A1 allele assignment for variant rs11152213.
Warning: Impossible A1 allele assignment for variant rs4072910.
Warning: Impossible A1 allele assignment for variant rs8103992.
Warning: Impossible A1 allele assignment for variant rs4802134.
Warning: Impossible A1 allele assignment for variant rs4803468.
Warning: Impossible A1 allele assignment for variant rs2682587.
Warning: Impossible A1 allele assignment for variant rs2059877.
Warning: Impossible A1 allele assignment for variant rs1884897.
Warning: Impossible A1 allele assignment for variant rs6085662.
Warning: Impossible A1 allele assignment for variant rs6080830.
Warning: Impossible A1 allele assignment for variant rs8117259.
Warning: Impossible A1 allele assignment for variant rs6137287.
Warning: Impossible A1 allele assignment for variant rs17450430.
Warning: Impossible A1 allele assignment for variant rs6020202.
Warning: Impossible A1 allele assignment for variant rs2057291.
Warning: Impossible A1 allele assignment for variant rs6061231.
Warning: Impossible A1 allele assignment for variant rs2834442.
Warning: Impossible A1 allele assignment for variant rs2211866.
Warning: Impossible A1 allele assignment for variant rs9977276.
Warning: Impossible A1 allele assignment for variant rs2413143.
Warning: Impossible A1 allele assignment for variant rs11090631.
--a1-allele: 696 assignments made.
--freq: Allele frequencies (founders only) written to
johns.height.snps.plink/johns.height.nolowcov5percent.freqs.frq .

End time: Wed Aug 23 16:45:47 2017
